{"C:\\Users\\ariel\\OneDrive\\Escritorio\\Workspace\\CRMF5\\backend\\src\\app.controller.ts": {"path":"C:\\Users\\ariel\\OneDrive\\Escritorio\\Workspace\\CRMF5\\backend\\src\\app.controller.ts","statementMap":{"0":{"start":{"line":1,"column":0},"end":{"line":1,"column":49}},"1":{"start":{"line":2,"column":0},"end":{"line":2,"column":43}},"2":{"start":{"line":5,"column":7},"end":{"line":12,"column":null}},"3":{"start":{"line":6,"column":31},"end":{"line":6,"column":43}},"4":{"start":{"line":10,"column":4},"end":{"line":10,"column":38}},"5":{"start":{"line":5,"column":13},"end":{"line":5,"column":26}},"6":{"start":{"line":9,"column":2},"end":{"line":11,"column":null}},"7":{"start":{"line":5,"column":13},"end":{"line":12,"column":null}}},"fnMap":{"0":{"name":"(anonymous_2)","decl":{"start":{"line":6,"column":2},"end":{"line":6,"column":31}},"loc":{"start":{"line":6,"column":53},"end":{"line":6,"column":57}}},"1":{"name":"(anonymous_3)","decl":{"start":{"line":9,"column":2},"end":{"line":9,"column":10}},"loc":{"start":{"line":9,"column":10},"end":{"line":11,"column":3}}}},"branchMap":{},"s":{"0":1,"1":1,"2":1,"3":1,"4":1,"5":1,"6":1,"7":1},"f":{"0":1,"1":1},"b":{}}
,"C:\\Users\\ariel\\OneDrive\\Escritorio\\Workspace\\CRMF5\\backend\\src\\app.module.ts": {"path":"C:\\Users\\ariel\\OneDrive\\Escritorio\\Workspace\\CRMF5\\backend\\src\\app.module.ts","statementMap":{"0":{"start":{"line":1,"column":0},"end":{"line":1,"column":87}},"1":{"start":{"line":2,"column":0},"end":{"line":2,"column":49}},"2":{"start":{"line":3,"column":0},"end":{"line":3,"column":43}},"3":{"start":{"line":4,"column":0},"end":{"line":4,"column":48}},"4":{"start":{"line":5,"column":0},"end":{"line":5,"column":61}},"5":{"start":{"line":6,"column":0},"end":{"line":6,"column":48}},"6":{"start":{"line":7,"column":0},"end":{"line":7,"column":98}},"7":{"start":{"line":8,"column":0},"end":{"line":8,"column":92}},"8":{"start":{"line":9,"column":0},"end":{"line":9,"column":95}},"9":{"start":{"line":10,"column":0},"end":{"line":10,"column":50}},"10":{"start":{"line":11,"column":0},"end":{"line":11,"column":31}},"11":{"start":{"line":39,"column":7},"end":{"line":45,"column":null}},"12":{"start":{"line":41,"column":4},"end":{"line":43,"column":59}},"13":{"start":{"line":39,"column":13},"end":{"line":39,"column":22}},"14":{"start":{"line":39,"column":13},"end":{"line":45,"column":null}},"15":{"start":{"line":17,"column":53},"end":{"line":25,"column":8}}},"fnMap":{"0":{"name":"(anonymous_1)","decl":{"start":{"line":40,"column":2},"end":{"line":40,"column":11}},"loc":{"start":{"line":40,"column":40},"end":{"line":44,"column":3}}},"1":{"name":"(anonymous_2)","decl":{"start":{"line":17,"column":18},"end":{"line":17,"column":19}},"loc":{"start":{"line":17,"column":53},"end":{"line":25,"column":8}}}},"branchMap":{},"s":{"0":0,"1":0,"2":0,"3":0,"4":0,"5":0,"6":0,"7":0,"8":0,"9":0,"10":0,"11":0,"12":0,"13":0,"14":0,"15":0},"f":{"0":0,"1":0},"b":{}}
,"C:\\Users\\ariel\\OneDrive\\Escritorio\\Workspace\\CRMF5\\backend\\src\\app.service.ts": {"path":"C:\\Users\\ariel\\OneDrive\\Escritorio\\Workspace\\CRMF5\\backend\\src\\app.service.ts","statementMap":{"0":{"start":{"line":1,"column":0},"end":{"line":1,"column":44}},"1":{"start":{"line":4,"column":7},"end":{"line":8,"column":null}},"2":{"start":{"line":6,"column":4},"end":{"line":6,"column":26}},"3":{"start":{"line":4,"column":13},"end":{"line":4,"column":23}},"4":{"start":{"line":4,"column":13},"end":{"line":8,"column":null}}},"fnMap":{"0":{"name":"(anonymous_1)","decl":{"start":{"line":5,"column":2},"end":{"line":5,"column":10}},"loc":{"start":{"line":5,"column":10},"end":{"line":7,"column":3}}}},"branchMap":{},"s":{"0":1,"1":1,"2":1,"3":1,"4":1},"f":{"0":1},"b":{}}
,"C:\\Users\\ariel\\OneDrive\\Escritorio\\Workspace\\CRMF5\\backend\\src\\main.ts": {"path":"C:\\Users\\ariel\\OneDrive\\Escritorio\\Workspace\\CRMF5\\backend\\src\\main.ts","statementMap":{"0":{"start":{"line":1,"column":0},"end":{"line":1,"column":43}},"1":{"start":{"line":2,"column":0},"end":{"line":2,"column":65}},"2":{"start":{"line":3,"column":0},"end":{"line":3,"column":41}},"3":{"start":{"line":6,"column":14},"end":{"line":6,"column":49}},"4":{"start":{"line":7,"column":2},"end":{"line":12,"column":5}},"5":{"start":{"line":14,"column":2},"end":{"line":14,"column":33}},"6":{"start":{"line":16,"column":17},"end":{"line":23,"column":12}},"7":{"start":{"line":24,"column":19},"end":{"line":24,"column":60}},"8":{"start":{"line":25,"column":2},"end":{"line":25,"column":44}},"9":{"start":{"line":27,"column":2},"end":{"line":27,"column":25}},"10":{"start":{"line":29,"column":0},"end":{"line":29,"column":12}}},"fnMap":{"0":{"name":"bootstrap","decl":{"start":{"line":5,"column":15},"end":{"line":5,"column":24}},"loc":{"start":{"line":5,"column":24},"end":{"line":28,"column":1}}}},"branchMap":{},"s":{"0":0,"1":0,"2":0,"3":0,"4":0,"5":0,"6":0,"7":0,"8":0,"9":0,"10":0},"f":{"0":0},"b":{}}
,"C:\\Users\\ariel\\OneDrive\\Escritorio\\Workspace\\CRMF5\\backend\\src\\auth\\auth.module.ts": {"path":"C:\\Users\\ariel\\OneDrive\\Escritorio\\Workspace\\CRMF5\\backend\\src\\auth\\auth.module.ts","statementMap":{"0":{"start":{"line":1,"column":0},"end":{"line":1,"column":40}},"1":{"start":{"line":2,"column":0},"end":{"line":2,"column":54}},"2":{"start":{"line":3,"column":0},"end":{"line":3,"column":63}},"3":{"start":{"line":4,"column":0},"end":{"line":4,"column":50}},"4":{"start":{"line":5,"column":0},"end":{"line":5,"column":59}},"5":{"start":{"line":6,"column":0},"end":{"line":6,"column":60}},"6":{"start":{"line":7,"column":0},"end":{"line":7,"column":56}},"7":{"start":{"line":8,"column":0},"end":{"line":8,"column":61}},"8":{"start":{"line":9,"column":0},"end":{"line":9,"column":47}},"9":{"start":{"line":10,"column":0},"end":{"line":10,"column":40}},"10":{"start":{"line":11,"column":0},"end":{"line":11,"column":51}},"11":{"start":{"line":12,"column":0},"end":{"line":12,"column":41}},"12":{"start":{"line":13,"column":0},"end":{"line":13,"column":55}},"13":{"start":{"line":48,"column":7},"end":{"line":48,"column":null}},"14":{"start":{"line":48,"column":13},"end":{"line":48,"column":23}},"15":{"start":{"line":48,"column":13},"end":{"line":48,"column":null}},"16":{"start":{"line":20,"column":8},"end":{"line":25,"column":10}}},"fnMap":{"0":{"name":"(anonymous_1)","decl":{"start":{"line":19,"column":18},"end":{"line":19,"column":19}},"loc":{"start":{"line":19,"column":51},"end":{"line":26,"column":7}}}},"branchMap":{},"s":{"0":1,"1":1,"2":1,"3":1,"4":1,"5":1,"6":1,"7":1,"8":1,"9":1,"10":1,"11":1,"12":1,"13":1,"14":1,"15":1,"16":0},"f":{"0":0},"b":{}}
,"C:\\Users\\ariel\\OneDrive\\Escritorio\\Workspace\\CRMF5\\backend\\src\\auth\\controllers\\auth.controller.ts": {"path":"C:\\Users\\ariel\\OneDrive\\Escritorio\\Workspace\\CRMF5\\backend\\src\\auth\\controllers\\auth.controller.ts","statementMap":{"0":{"start":{"line":1,"column":0},"end":{"line":1,"column":86}},"1":{"start":{"line":2,"column":0},"end":{"line":2,"column":55}},"2":{"start":{"line":3,"column":0},"end":{"line":3,"column":63}},"3":{"start":{"line":4,"column":0},"end":{"line":4,"column":78}},"4":{"start":{"line":5,"column":0},"end":{"line":5,"column":54}},"5":{"start":{"line":6,"column":0},"end":{"line":6,"column":45}},"6":{"start":{"line":7,"column":0},"end":{"line":7,"column":56}},"7":{"start":{"line":8,"column":0},"end":{"line":8,"column":46}},"8":{"start":{"line":12,"column":7},"end":{"line":35,"column":null}},"9":{"start":{"line":14,"column":12},"end":{"line":14,"column":25}},"10":{"start":{"line":15,"column":12},"end":{"line":15,"column":25}},"11":{"start":{"line":24,"column":4},"end":{"line":24,"column":22}},"12":{"start":{"line":25,"column":4},"end":{"line":25,"column":41}},"13":{"start":{"line":33,"column":4},"end":{"line":33,"column":52}},"14":{"start":{"line":12,"column":13},"end":{"line":12,"column":27}},"15":{"start":{"line":23,"column":8},"end":{"line":26,"column":null}},"16":{"start":{"line":32,"column":2},"end":{"line":34,"column":null}},"17":{"start":{"line":12,"column":13},"end":{"line":35,"column":null}}},"fnMap":{"0":{"name":"(anonymous_4)","decl":{"start":{"line":13,"column":2},"end":{"line":13,"column":null}},"loc":{"start":{"line":15,"column":36},"end":{"line":16,"column":6}}},"1":{"name":"(anonymous_5)","decl":{"start":{"line":23,"column":2},"end":{"line":23,"column":7}},"loc":{"start":{"line":23,"column":42},"end":{"line":26,"column":3}}},"2":{"name":"(anonymous_6)","decl":{"start":{"line":32,"column":2},"end":{"line":32,"column":7}},"loc":{"start":{"line":32,"column":22},"end":{"line":34,"column":3}}}},"branchMap":{},"s":{"0":2,"1":2,"2":2,"3":2,"4":2,"5":2,"6":2,"7":2,"8":2,"9":0,"10":0,"11":0,"12":0,"13":0,"14":2,"15":2,"16":2,"17":2},"f":{"0":0,"1":0,"2":0},"b":{}}
,"C:\\Users\\ariel\\OneDrive\\Escritorio\\Workspace\\CRMF5\\backend\\src\\auth\\decorators\\public.decorator.ts": {"path":"C:\\Users\\ariel\\OneDrive\\Escritorio\\Workspace\\CRMF5\\backend\\src\\auth\\decorators\\public.decorator.ts","statementMap":{"0":{"start":{"line":1,"column":0},"end":{"line":1,"column":45}},"1":{"start":{"line":3,"column":13},"end":{"line":3,"column":40}},"2":{"start":{"line":5,"column":22},"end":{"line":5,"column":60}},"3":{"start":{"line":5,"column":28},"end":{"line":5,"column":60}},"4":{"start":{"line":5,"column":13},"end":{"line":5,"column":22}}},"fnMap":{"0":{"name":"(anonymous_0)","decl":{"start":{"line":5,"column":22},"end":{"line":5,"column":25}},"loc":{"start":{"line":5,"column":28},"end":{"line":5,"column":60}}}},"branchMap":{},"s":{"0":5,"1":5,"2":5,"3":15,"4":5},"f":{"0":15},"b":{}}
,"C:\\Users\\ariel\\OneDrive\\Escritorio\\Workspace\\CRMF5\\backend\\src\\auth\\decorators\\roles.decorator.ts": {"path":"C:\\Users\\ariel\\OneDrive\\Escritorio\\Workspace\\CRMF5\\backend\\src\\auth\\decorators\\roles.decorator.ts","statementMap":{"0":{"start":{"line":1,"column":0},"end":{"line":1,"column":45}},"1":{"start":{"line":4,"column":13},"end":{"line":4,"column":33}},"2":{"start":{"line":5,"column":21},"end":{"line":5,"column":72}},"3":{"start":{"line":5,"column":43},"end":{"line":5,"column":72}},"4":{"start":{"line":5,"column":13},"end":{"line":5,"column":21}}},"fnMap":{"0":{"name":"(anonymous_0)","decl":{"start":{"line":5,"column":21},"end":{"line":5,"column":22}},"loc":{"start":{"line":5,"column":43},"end":{"line":5,"column":72}}}},"branchMap":{},"s":{"0":1,"1":1,"2":1,"3":1,"4":1},"f":{"0":1},"b":{}}
,"C:\\Users\\ariel\\OneDrive\\Escritorio\\Workspace\\CRMF5\\backend\\src\\auth\\dto\\signin.dto.ts": {"path":"C:\\Users\\ariel\\OneDrive\\Escritorio\\Workspace\\CRMF5\\backend\\src\\auth\\dto\\signin.dto.ts","statementMap":{"0":{"start":{"line":1,"column":0},"end":{"line":1,"column":46}},"1":{"start":{"line":2,"column":0},"end":{"line":2,"column":54}},"2":{"start":{"line":4,"column":0},"end":{"line":4,"column":13}},"3":{"start":{"line":8,"column":2},"end":{"line":8,"column":null}},"4":{"start":{"line":12,"column":2},"end":{"line":12,"column":null}}},"fnMap":{},"branchMap":{},"s":{"0":2,"1":2,"2":2,"3":2,"4":2},"f":{},"b":{}}
,"C:\\Users\\ariel\\OneDrive\\Escritorio\\Workspace\\CRMF5\\backend\\src\\auth\\enums\\role.enum.ts": {"path":"C:\\Users\\ariel\\OneDrive\\Escritorio\\Workspace\\CRMF5\\backend\\src\\auth\\enums\\role.enum.ts","statementMap":{"0":{"start":{"line":1,"column":0},"end":{"line":1,"column":null}},"1":{"start":{"line":2,"column":2},"end":{"line":2,"column":null}},"2":{"start":{"line":3,"column":2},"end":{"line":3,"column":null}}},"fnMap":{"0":{"name":"(anonymous_0)","decl":{"start":{"line":1,"column":0},"end":{"line":1,"column":12}},"loc":{"start":{"line":1,"column":16},"end":{"line":4,"column":1}}}},"branchMap":{"0":{"loc":{"start":{"line":1,"column":12},"end":{"line":1,"column":null}},"type":"binary-expr","locations":[{"start":{"line":1,"column":12},"end":{"line":1,"column":16}},{"start":{"line":1,"column":16},"end":{"line":1,"column":null}}]}},"s":{"0":6,"1":6,"2":6},"f":{"0":6},"b":{"0":[6,6]}}
,"C:\\Users\\ariel\\OneDrive\\Escritorio\\Workspace\\CRMF5\\backend\\src\\auth\\guards\\jwt-auth.guard.ts": {"path":"C:\\Users\\ariel\\OneDrive\\Escritorio\\Workspace\\CRMF5\\backend\\src\\auth\\guards\\jwt-auth.guard.ts","statementMap":{"0":{"start":{"line":1,"column":0},"end":{"line":1,"column":75}},"1":{"start":{"line":2,"column":0},"end":{"line":2,"column":45}},"2":{"start":{"line":3,"column":0},"end":{"line":3,"column":41}},"3":{"start":{"line":4,"column":0},"end":{"line":4,"column":63}},"4":{"start":{"line":8,"column":7},"end":{"line":18,"column":null}},"5":{"start":{"line":10,"column":4},"end":{"line":10,"column":12}},"6":{"start":{"line":9,"column":22},"end":{"line":9,"column":33}},"7":{"start":{"line":13,"column":21},"end":{"line":13,"column":76}},"8":{"start":{"line":14,"column":4},"end":{"line":14,"column":30}},"9":{"start":{"line":14,"column":18},"end":{"line":14,"column":30}},"10":{"start":{"line":15,"column":4},"end":{"line":15,"column":25}},"11":{"start":{"line":16,"column":4},"end":{"line":16,"column":38}},"12":{"start":{"line":8,"column":13},"end":{"line":8,"column":25}},"13":{"start":{"line":8,"column":13},"end":{"line":18,"column":null}}},"fnMap":{"0":{"name":"(anonymous_2)","decl":{"start":{"line":9,"column":2},"end":{"line":9,"column":22}},"loc":{"start":{"line":9,"column":42},"end":{"line":11,"column":3}}},"1":{"name":"(anonymous_3)","decl":{"start":{"line":12,"column":2},"end":{"line":12,"column":13}},"loc":{"start":{"line":12,"column":39},"end":{"line":17,"column":3}}}},"branchMap":{"0":{"loc":{"start":{"line":14,"column":4},"end":{"line":14,"column":30}},"type":"if","locations":[{"start":{"line":14,"column":4},"end":{"line":14,"column":30}}]}},"s":{"0":2,"1":2,"2":2,"3":2,"4":2,"5":3,"6":3,"7":1,"8":1,"9":1,"10":0,"11":0,"12":2,"13":2},"f":{"0":3,"1":1},"b":{"0":[1]}}
,"C:\\Users\\ariel\\OneDrive\\Escritorio\\Workspace\\CRMF5\\backend\\src\\auth\\guards\\role.guard.ts": {"path":"C:\\Users\\ariel\\OneDrive\\Escritorio\\Workspace\\CRMF5\\backend\\src\\auth\\guards\\role.guard.ts","statementMap":{"0":{"start":{"line":1,"column":0},"end":{"line":1,"column":null}},"1":{"start":{"line":7,"column":0},"end":{"line":7,"column":41}},"2":{"start":{"line":9,"column":0},"end":{"line":9,"column":54}},"3":{"start":{"line":10,"column":13},"end":{"line":10,"column":33}},"4":{"start":{"line":13,"column":7},"end":{"line":41,"column":null}},"5":{"start":{"line":14,"column":22},"end":{"line":14,"column":33}},"6":{"start":{"line":14,"column":52},"end":{"line":14,"column":65}},"7":{"start":{"line":17,"column":26},"end":{"line":20,"column":6}},"8":{"start":{"line":22,"column":4},"end":{"line":22,"column":41}},"9":{"start":{"line":23,"column":4},"end":{"line":39,"column":null}},"10":{"start":{"line":24,"column":6},"end":{"line":26,"column":null}},"11":{"start":{"line":25,"column":8},"end":{"line":25,"column":20}},"12":{"start":{"line":27,"column":23},"end":{"line":27,"column":58}},"13":{"start":{"line":28,"column":24},"end":{"line":28,"column":64}},"14":{"start":{"line":30,"column":31},"end":{"line":31,"column":null}},"15":{"start":{"line":31,"column":8},"end":{"line":31,"column":36}},"16":{"start":{"line":33,"column":6},"end":{"line":35,"column":null}},"17":{"start":{"line":34,"column":8},"end":{"line":34,"column":68}},"18":{"start":{"line":36,"column":6},"end":{"line":36,"column":18}},"19":{"start":{"line":38,"column":6},"end":{"line":38,"column":53}},"20":{"start":{"line":13,"column":13},"end":{"line":13,"column":23}},"21":{"start":{"line":13,"column":13},"end":{"line":41,"column":null}}},"fnMap":{"0":{"name":"(anonymous_2)","decl":{"start":{"line":14,"column":2},"end":{"line":14,"column":22}},"loc":{"start":{"line":14,"column":76},"end":{"line":14,"column":80}}},"1":{"name":"(anonymous_3)","decl":{"start":{"line":16,"column":2},"end":{"line":16,"column":7}},"loc":{"start":{"line":16,"column":45},"end":{"line":40,"column":3}}},"2":{"name":"(anonymous_4)","decl":{"start":{"line":30,"column":52},"end":{"line":30,"column":53}},"loc":{"start":{"line":31,"column":8},"end":{"line":31,"column":36}}}},"branchMap":{"0":{"loc":{"start":{"line":24,"column":6},"end":{"line":26,"column":null}},"type":"if","locations":[{"start":{"line":24,"column":6},"end":{"line":26,"column":null}}]},"1":{"loc":{"start":{"line":33,"column":6},"end":{"line":35,"column":null}},"type":"if","locations":[{"start":{"line":33,"column":6},"end":{"line":35,"column":null}}]}},"s":{"0":1,"1":1,"2":1,"3":1,"4":1,"5":4,"6":4,"7":4,"8":4,"9":4,"10":4,"11":1,"12":3,"13":3,"14":3,"15":2,"16":2,"17":1,"18":1,"19":2,"20":1,"21":1},"f":{"0":4,"1":4,"2":2},"b":{"0":[1],"1":[1]}}
,"C:\\Users\\ariel\\OneDrive\\Escritorio\\Workspace\\CRMF5\\backend\\src\\auth\\services\\auth.service.ts": {"path":"C:\\Users\\ariel\\OneDrive\\Escritorio\\Workspace\\CRMF5\\backend\\src\\auth\\services\\auth.service.ts","statementMap":{"0":{"start":{"line":1,"column":0},"end":{"line":1,"column":44}},"1":{"start":{"line":2,"column":0},"end":{"line":2,"column":41}},"2":{"start":{"line":4,"column":0},"end":{"line":4,"column":50}},"3":{"start":{"line":5,"column":0},"end":{"line":5,"column":33}},"4":{"start":{"line":6,"column":0},"end":{"line":6,"column":47}},"5":{"start":{"line":8,"column":7},"end":{"line":34,"column":null}},"6":{"start":{"line":10,"column":12},"end":{"line":10,"column":24}},"7":{"start":{"line":11,"column":36},"end":{"line":11,"column":47}},"8":{"start":{"line":14,"column":17},"end":{"line":17,"column":13}},"9":{"start":{"line":18,"column":4},"end":{"line":20,"column":null}},"10":{"start":{"line":19,"column":6},"end":{"line":19,"column":18}},"11":{"start":{"line":21,"column":4},"end":{"line":21,"column":16}},"12":{"start":{"line":25,"column":34},"end":{"line":29,"column":6}},"13":{"start":{"line":30,"column":4},"end":{"line":32,"column":6}},"14":{"start":{"line":8,"column":13},"end":{"line":8,"column":24}},"15":{"start":{"line":8,"column":13},"end":{"line":34,"column":null}}},"fnMap":{"0":{"name":"(anonymous_4)","decl":{"start":{"line":9,"column":2},"end":{"line":9,"column":null}},"loc":{"start":{"line":11,"column":58},"end":{"line":12,"column":6}}},"1":{"name":"(anonymous_5)","decl":{"start":{"line":13,"column":2},"end":{"line":13,"column":7}},"loc":{"start":{"line":13,"column":52},"end":{"line":22,"column":3}}},"2":{"name":"(anonymous_6)","decl":{"start":{"line":24,"column":2},"end":{"line":24,"column":15}},"loc":{"start":{"line":24,"column":35},"end":{"line":33,"column":3}}}},"branchMap":{"0":{"loc":{"start":{"line":18,"column":4},"end":{"line":20,"column":null}},"type":"if","locations":[{"start":{"line":18,"column":4},"end":{"line":20,"column":null}}]},"1":{"loc":{"start":{"line":18,"column":8},"end":{"line":18,"column":54}},"type":"binary-expr","locations":[{"start":{"line":18,"column":8},"end":{"line":18,"column":12}},{"start":{"line":18,"column":17},"end":{"line":18,"column":53}}]}},"s":{"0":4,"1":4,"2":4,"3":4,"4":4,"5":4,"6":4,"7":4,"8":2,"9":2,"10":1,"11":1,"12":0,"13":0,"14":4,"15":4},"f":{"0":4,"1":2,"2":0},"b":{"0":[1],"1":[2,1]}}
,"C:\\Users\\ariel\\OneDrive\\Escritorio\\Workspace\\CRMF5\\backend\\src\\auth\\strategies\\jwt.strategy.ts": {"path":"C:\\Users\\ariel\\OneDrive\\Escritorio\\Workspace\\CRMF5\\backend\\src\\auth\\strategies\\jwt.strategy.ts","statementMap":{"0":{"start":{"line":1,"column":0},"end":{"line":1,"column":52}},"1":{"start":{"line":2,"column":0},"end":{"line":2,"column":52}},"2":{"start":{"line":3,"column":0},"end":{"line":3,"column":44}},"3":{"start":{"line":4,"column":0},"end":{"line":4,"column":47}},"4":{"start":{"line":8,"column":7},"end":{"line":22,"column":null}},"5":{"start":{"line":10,"column":4},"end":{"line":15,"column":7}},"6":{"start":{"line":9,"column":22},"end":{"line":9,"column":37}},"7":{"start":{"line":20,"column":4},"end":{"line":20,"column":19}},"8":{"start":{"line":8,"column":13},"end":{"line":8,"column":24}},"9":{"start":{"line":8,"column":13},"end":{"line":22,"column":null}}},"fnMap":{"0":{"name":"(anonymous_2)","decl":{"start":{"line":9,"column":2},"end":{"line":9,"column":22}},"loc":{"start":{"line":9,"column":50},"end":{"line":16,"column":3}}},"1":{"name":"(anonymous_3)","decl":{"start":{"line":18,"column":2},"end":{"line":18,"column":7}},"loc":{"start":{"line":18,"column":24},"end":{"line":21,"column":3}}}},"branchMap":{},"s":{"0":2,"1":2,"2":2,"3":2,"4":2,"5":1,"6":1,"7":1,"8":2,"9":2},"f":{"0":1,"1":1},"b":{}}
,"C:\\Users\\ariel\\OneDrive\\Escritorio\\Workspace\\CRMF5\\backend\\src\\auth\\strategies\\local.strategy.ts": {"path":"C:\\Users\\ariel\\OneDrive\\Escritorio\\Workspace\\CRMF5\\backend\\src\\auth\\strategies\\local.strategy.ts","statementMap":{"0":{"start":{"line":1,"column":0},"end":{"line":1,"column":67}},"1":{"start":{"line":2,"column":0},"end":{"line":2,"column":52}},"2":{"start":{"line":3,"column":0},"end":{"line":3,"column":42}},"3":{"start":{"line":4,"column":0},"end":{"line":4,"column":55}},"4":{"start":{"line":7,"column":7},"end":{"line":21,"column":null}},"5":{"start":{"line":9,"column":4},"end":{"line":12,"column":7}},"6":{"start":{"line":8,"column":22},"end":{"line":8,"column":35}},"7":{"start":{"line":16,"column":22},"end":{"line":16,"column":74}},"8":{"start":{"line":17,"column":4},"end":{"line":17,"column":65}},"9":{"start":{"line":17,"column":15},"end":{"line":17,"column":65}},"10":{"start":{"line":19,"column":4},"end":{"line":19,"column":16}},"11":{"start":{"line":7,"column":13},"end":{"line":7,"column":26}},"12":{"start":{"line":7,"column":13},"end":{"line":21,"column":null}}},"fnMap":{"0":{"name":"(anonymous_2)","decl":{"start":{"line":8,"column":2},"end":{"line":8,"column":22}},"loc":{"start":{"line":8,"column":46},"end":{"line":13,"column":3}}},"1":{"name":"(anonymous_3)","decl":{"start":{"line":15,"column":2},"end":{"line":15,"column":7}},"loc":{"start":{"line":15,"column":48},"end":{"line":20,"column":3}}}},"branchMap":{"0":{"loc":{"start":{"line":17,"column":4},"end":{"line":17,"column":65}},"type":"if","locations":[{"start":{"line":17,"column":4},"end":{"line":17,"column":65}}]}},"s":{"0":2,"1":2,"2":2,"3":2,"4":2,"5":2,"6":2,"7":2,"8":2,"9":1,"10":1,"11":2,"12":2},"f":{"0":2,"1":2},"b":{"0":[1]}}
,"C:\\Users\\ariel\\OneDrive\\Escritorio\\Workspace\\CRMF5\\backend\\src\\convocatoria-registro\\convocatoria-registro.controller.ts": {"path":"C:\\Users\\ariel\\OneDrive\\Escritorio\\Workspace\\CRMF5\\backend\\src\\convocatoria-registro\\convocatoria-registro.controller.ts","statementMap":{"0":{"start":{"line":1,"column":0},"end":{"line":1,"column":113}},"1":{"start":{"line":2,"column":0},"end":{"line":2,"column":78}},"2":{"start":{"line":3,"column":0},"end":{"line":3,"column":87}},"3":{"start":{"line":4,"column":0},"end":{"line":4,"column":87}},"4":{"start":{"line":6,"column":0},"end":{"line":6,"column":61}},"5":{"start":{"line":7,"column":0},"end":{"line":7,"column":59}},"6":{"start":{"line":8,"column":0},"end":{"line":8,"column":77}},"7":{"start":{"line":12,"column":7},"end":{"line":65,"column":null}},"8":{"start":{"line":13,"column":31},"end":{"line":13,"column":60}},"9":{"start":{"line":18,"column":4},"end":{"line":18,"column":82}},"10":{"start":{"line":24,"column":4},"end":{"line":24,"column":54}},"11":{"start":{"line":29,"column":4},"end":{"line":29,"column":56}},"12":{"start":{"line":34,"column":4},"end":{"line":34,"column":82}},"13":{"start":{"line":40,"column":4},"end":{"line":40,"column":55}},"14":{"start":{"line":50,"column":1},"end":{"line":52,"column":null}},"15":{"start":{"line":51,"column":2},"end":{"line":51,"column":null}},"16":{"start":{"line":53,"column":1},"end":{"line":61,"column":null}},"17":{"start":{"line":54,"column":26},"end":{"line":54,"column":52}},"18":{"start":{"line":55,"column":2},"end":{"line":55,"column":34}},"19":{"start":{"line":56,"column":3},"end":{"line":56,"column":null}},"20":{"start":{"line":57,"column":2},"end":{"line":57,"column":null}},"21":{"start":{"line":58,"column":2},"end":{"line":58,"column":null}},"22":{"start":{"line":60,"column":2},"end":{"line":60,"column":null}},"23":{"start":{"line":12,"column":13},"end":{"line":12,"column":43}},"24":{"start":{"line":17,"column":2},"end":{"line":19,"column":null}},"25":{"start":{"line":23,"column":2},"end":{"line":25,"column":null}},"26":{"start":{"line":28,"column":2},"end":{"line":30,"column":null}},"27":{"start":{"line":33,"column":2},"end":{"line":35,"column":null}},"28":{"start":{"line":39,"column":2},"end":{"line":41,"column":null}},"29":{"start":{"line":46,"column":6},"end":{"line":62,"column":null}},"30":{"start":{"line":12,"column":13},"end":{"line":65,"column":null}}},"fnMap":{"0":{"name":"(anonymous_4)","decl":{"start":{"line":13,"column":2},"end":{"line":13,"column":31}},"loc":{"start":{"line":13,"column":87},"end":{"line":13,"column":91}}},"1":{"name":"(anonymous_5)","decl":{"start":{"line":17,"column":2},"end":{"line":17,"column":8}},"loc":{"start":{"line":17,"column":77},"end":{"line":19,"column":3}}},"2":{"name":"(anonymous_6)","decl":{"start":{"line":23,"column":2},"end":{"line":23,"column":9}},"loc":{"start":{"line":23,"column":9},"end":{"line":25,"column":3}}},"3":{"name":"(anonymous_7)","decl":{"start":{"line":28,"column":2},"end":{"line":28,"column":9}},"loc":{"start":{"line":28,"column":34},"end":{"line":30,"column":3}}},"4":{"name":"(anonymous_8)","decl":{"start":{"line":33,"column":2},"end":{"line":33,"column":8}},"loc":{"start":{"line":33,"column":77},"end":{"line":35,"column":3}}},"5":{"name":"(anonymous_9)","decl":{"start":{"line":39,"column":2},"end":{"line":39,"column":8}},"loc":{"start":{"line":39,"column":32},"end":{"line":41,"column":3}}},"6":{"name":"(anonymous_10)","decl":{"start":{"line":46,"column":0},"end":{"line":46,"column":5}},"loc":{"start":{"line":47,"column":42},"end":{"line":62,"column":1}}}},"branchMap":{"0":{"loc":{"start":{"line":50,"column":1},"end":{"line":52,"column":null}},"type":"if","locations":[{"start":{"line":50,"column":1},"end":{"line":52,"column":null}}]}},"s":{"0":1,"1":1,"2":1,"3":1,"4":1,"5":1,"6":1,"7":1,"8":6,"9":1,"10":1,"11":1,"12":1,"13":1,"14":0,"15":0,"16":0,"17":0,"18":0,"19":0,"20":0,"21":0,"22":0,"23":1,"24":1,"25":1,"26":1,"27":1,"28":1,"29":1,"30":1},"f":{"0":6,"1":1,"2":1,"3":1,"4":1,"5":1,"6":0},"b":{"0":[0]}}
,"C:\\Users\\ariel\\OneDrive\\Escritorio\\Workspace\\CRMF5\\backend\\src\\convocatoria-registro\\convocatoria-registro.module.ts": {"path":"C:\\Users\\ariel\\OneDrive\\Escritorio\\Workspace\\CRMF5\\backend\\src\\convocatoria-registro\\convocatoria-registro.module.ts","statementMap":{"0":{"start":{"line":1,"column":0},"end":{"line":1,"column":40}},"1":{"start":{"line":2,"column":0},"end":{"line":2,"column":78}},"2":{"start":{"line":3,"column":0},"end":{"line":3,"column":84}},"3":{"start":{"line":4,"column":0},"end":{"line":4,"column":50}},"4":{"start":{"line":5,"column":0},"end":{"line":5,"column":105}},"5":{"start":{"line":22,"column":7},"end":{"line":22,"column":null}},"6":{"start":{"line":22,"column":13},"end":{"line":22,"column":39}},"7":{"start":{"line":22,"column":13},"end":{"line":22,"column":null}}},"fnMap":{},"branchMap":{},"s":{"0":0,"1":0,"2":0,"3":0,"4":0,"5":0,"6":0,"7":0},"f":{},"b":{}}
,"C:\\Users\\ariel\\OneDrive\\Escritorio\\Workspace\\CRMF5\\backend\\src\\convocatoria-registro\\convocatoria-registro.service.ts": {"path":"C:\\Users\\ariel\\OneDrive\\Escritorio\\Workspace\\CRMF5\\backend\\src\\convocatoria-registro\\convocatoria-registro.service.ts","statementMap":{"0":{"start":{"line":1,"column":0},"end":{"line":1,"column":71}},"1":{"start":{"line":4,"column":0},"end":{"line":4,"column":47}},"2":{"start":{"line":5,"column":0},"end":{"line":5,"column":77}},"3":{"start":{"line":6,"column":0},"end":{"line":6,"column":43}},"4":{"start":{"line":11,"column":7},"end":{"line":92,"column":null}},"5":{"start":{"line":15,"column":18},"end":{"line":15,"column":38}},"6":{"start":{"line":19,"column":25},"end":{"line":19,"column":91}},"7":{"start":{"line":21,"column":0},"end":{"line":26,"column":null}},"8":{"start":{"line":29,"column":4},"end":{"line":38,"column":null}},"9":{"start":{"line":30,"column":31},"end":{"line":30,"column":73}},"10":{"start":{"line":31,"column":6},"end":{"line":35,"column":9}},"11":{"start":{"line":37,"column":6},"end":{"line":37,"column":null}},"12":{"start":{"line":43,"column":4},"end":{"line":52,"column":null}},"13":{"start":{"line":44,"column":27},"end":{"line":44,"column":73}},"14":{"start":{"line":45,"column":6},"end":{"line":49,"column":8}},"15":{"start":{"line":51,"column":6},"end":{"line":51,"column":null}},"16":{"start":{"line":58,"column":4},"end":{"line":73,"column":null}},"17":{"start":{"line":59,"column":34},"end":{"line":63,"column":10}},"18":{"start":{"line":65,"column":8},"end":{"line":69,"column":null}},"19":{"start":{"line":72,"column":6},"end":{"line":72,"column":null}},"20":{"start":{"line":79,"column":4},"end":{"line":90,"column":null}},"21":{"start":{"line":80,"column":28},"end":{"line":80,"column":78}},"22":{"start":{"line":81,"column":6},"end":{"line":81,"column":null}},"23":{"start":{"line":81,"column":25},"end":{"line":81,"column":null}},"24":{"start":{"line":82,"column":4},"end":{"line":86,"column":null}},"25":{"start":{"line":89,"column":6},"end":{"line":89,"column":null}},"26":{"start":{"line":11,"column":13},"end":{"line":11,"column":40}},"27":{"start":{"line":11,"column":13},"end":{"line":92,"column":null}}},"fnMap":{"0":{"name":"(anonymous_4)","decl":{"start":{"line":13,"column":0},"end":{"line":13,"column":null}},"loc":{"start":{"line":15,"column":66},"end":{"line":17,"column":3}}},"1":{"name":"(anonymous_5)","decl":{"start":{"line":18,"column":1},"end":{"line":18,"column":6}},"loc":{"start":{"line":18,"column":74},"end":{"line":27,"column":3}}},"2":{"name":"(anonymous_6)","decl":{"start":{"line":28,"column":0},"end":{"line":28,"column":5}},"loc":{"start":{"line":28,"column":13},"end":{"line":40,"column":3}}},"3":{"name":"(anonymous_7)","decl":{"start":{"line":42,"column":1},"end":{"line":42,"column":6}},"loc":{"start":{"line":42,"column":26},"end":{"line":54,"column":3}}},"4":{"name":"(anonymous_8)","decl":{"start":{"line":57,"column":1},"end":{"line":57,"column":6}},"loc":{"start":{"line":57,"column":74},"end":{"line":75,"column":3}}},"5":{"name":"(anonymous_9)","decl":{"start":{"line":78,"column":0},"end":{"line":78,"column":5}},"loc":{"start":{"line":78,"column":24},"end":{"line":91,"column":3}}}},"branchMap":{"0":{"loc":{"start":{"line":81,"column":6},"end":{"line":81,"column":null}},"type":"if","locations":[{"start":{"line":81,"column":6},"end":{"line":81,"column":null}}]}},"s":{"0":2,"1":2,"2":2,"3":2,"4":2,"5":8,"6":1,"7":1,"8":1,"9":1,"10":1,"11":0,"12":2,"13":2,"14":1,"15":1,"16":1,"17":1,"18":1,"19":0,"20":0,"21":0,"22":0,"23":0,"24":0,"25":0,"26":2,"27":2},"f":{"0":8,"1":1,"2":1,"3":2,"4":1,"5":0},"b":{"0":[0]}}
,"C:\\Users\\ariel\\OneDrive\\Escritorio\\Workspace\\CRMF5\\backend\\src\\convocatoria-registro\\dto\\create-convocatoria-registro.dto.ts": {"path":"C:\\Users\\ariel\\OneDrive\\Escritorio\\Workspace\\CRMF5\\backend\\src\\convocatoria-registro\\dto\\create-convocatoria-registro.dto.ts","statementMap":{"0":{"start":{"line":1,"column":0},"end":{"line":1,"column":46}},"1":{"start":{"line":3,"column":0},"end":{"line":3,"column":70}},"2":{"start":{"line":6,"column":0},"end":{"line":6,"column":13}},"3":{"start":{"line":10,"column":0},"end":{"line":10,"column":null}},"4":{"start":{"line":14,"column":0},"end":{"line":14,"column":null}},"5":{"start":{"line":18,"column":0},"end":{"line":18,"column":null}},"6":{"start":{"line":22,"column":0},"end":{"line":22,"column":null}},"7":{"start":{"line":26,"column":0},"end":{"line":26,"column":null}},"8":{"start":{"line":30,"column":0},"end":{"line":30,"column":null}},"9":{"start":{"line":34,"column":0},"end":{"line":34,"column":null}},"10":{"start":{"line":38,"column":0},"end":{"line":38,"column":null}},"11":{"start":{"line":42,"column":0},"end":{"line":42,"column":null}},"12":{"start":{"line":46,"column":0},"end":{"line":46,"column":null}},"13":{"start":{"line":50,"column":0},"end":{"line":50,"column":null}},"14":{"start":{"line":54,"column":0},"end":{"line":54,"column":null}},"15":{"start":{"line":58,"column":0},"end":{"line":58,"column":null}},"16":{"start":{"line":62,"column":0},"end":{"line":62,"column":null}},"17":{"start":{"line":66,"column":0},"end":{"line":66,"column":null}},"18":{"start":{"line":71,"column":0},"end":{"line":71,"column":null}},"19":{"start":{"line":75,"column":0},"end":{"line":75,"column":null}},"20":{"start":{"line":79,"column":0},"end":{"line":79,"column":null}},"21":{"start":{"line":84,"column":0},"end":{"line":84,"column":null}},"22":{"start":{"line":89,"column":0},"end":{"line":89,"column":null}}},"fnMap":{},"branchMap":{},"s":{"0":1,"1":1,"2":1,"3":1,"4":1,"5":1,"6":1,"7":1,"8":1,"9":1,"10":1,"11":1,"12":1,"13":1,"14":1,"15":1,"16":1,"17":1,"18":1,"19":1,"20":1,"21":1,"22":1},"f":{},"b":{}}
,"C:\\Users\\ariel\\OneDrive\\Escritorio\\Workspace\\CRMF5\\backend\\src\\convocatoria-registro\\dto\\update-convocatoria-registro.dto.ts": {"path":"C:\\Users\\ariel\\OneDrive\\Escritorio\\Workspace\\CRMF5\\backend\\src\\convocatoria-registro\\dto\\update-convocatoria-registro.dto.ts","statementMap":{"0":{"start":{"line":1,"column":0},"end":{"line":1,"column":46}},"1":{"start":{"line":2,"column":0},"end":{"line":2,"column":83}},"2":{"start":{"line":3,"column":0},"end":{"line":3,"column":null}},"3":{"start":{"line":13,"column":0},"end":{"line":13,"column":13}},"4":{"start":{"line":18,"column":2},"end":{"line":18,"column":null}},"5":{"start":{"line":21,"column":2},"end":{"line":21,"column":null}},"6":{"start":{"line":24,"column":2},"end":{"line":24,"column":null}},"7":{"start":{"line":27,"column":2},"end":{"line":27,"column":null}},"8":{"start":{"line":30,"column":2},"end":{"line":30,"column":null}},"9":{"start":{"line":33,"column":2},"end":{"line":33,"column":null}},"10":{"start":{"line":36,"column":2},"end":{"line":36,"column":null}},"11":{"start":{"line":39,"column":2},"end":{"line":39,"column":null}},"12":{"start":{"line":42,"column":2},"end":{"line":42,"column":null}},"13":{"start":{"line":45,"column":2},"end":{"line":45,"column":null}},"14":{"start":{"line":48,"column":2},"end":{"line":48,"column":null}},"15":{"start":{"line":51,"column":2},"end":{"line":51,"column":null}},"16":{"start":{"line":54,"column":2},"end":{"line":54,"column":null}},"17":{"start":{"line":57,"column":2},"end":{"line":57,"column":null}},"18":{"start":{"line":60,"column":2},"end":{"line":60,"column":null}},"19":{"start":{"line":63,"column":2},"end":{"line":63,"column":null}},"20":{"start":{"line":66,"column":2},"end":{"line":66,"column":null}},"21":{"start":{"line":69,"column":2},"end":{"line":69,"column":null}},"22":{"start":{"line":72,"column":2},"end":{"line":72,"column":null}},"23":{"start":{"line":75,"column":2},"end":{"line":75,"column":null}},"24":{"start":{"line":78,"column":2},"end":{"line":78,"column":null}}},"fnMap":{},"branchMap":{},"s":{"0":1,"1":1,"2":1,"3":1,"4":1,"5":1,"6":1,"7":1,"8":1,"9":1,"10":1,"11":1,"12":1,"13":1,"14":1,"15":1,"16":1,"17":1,"18":1,"19":1,"20":1,"21":1,"22":1,"23":1,"24":1},"f":{},"b":{}}
,"C:\\Users\\ariel\\OneDrive\\Escritorio\\Workspace\\CRMF5\\backend\\src\\convocatoria-registro\\schema\\convocatoria-registro.schema.ts": {"path":"C:\\Users\\ariel\\OneDrive\\Escritorio\\Workspace\\CRMF5\\backend\\src\\convocatoria-registro\\schema\\convocatoria-registro.schema.ts","statementMap":{"0":{"start":{"line":1,"column":0},"end":{"line":1,"column":63}},"1":{"start":{"line":2,"column":0},"end":{"line":2,"column":46}},"2":{"start":{"line":3,"column":0},"end":{"line":3,"column":54}},"3":{"start":{"line":8,"column":7},"end":{"line":90,"column":null}},"4":{"start":{"line":8,"column":13},"end":{"line":8,"column":33}},"5":{"start":{"line":11,"column":2},"end":{"line":11,"column":null}},"6":{"start":{"line":15,"column":2},"end":{"line":15,"column":null}},"7":{"start":{"line":19,"column":2},"end":{"line":19,"column":null}},"8":{"start":{"line":23,"column":2},"end":{"line":23,"column":null}},"9":{"start":{"line":27,"column":2},"end":{"line":27,"column":null}},"10":{"start":{"line":31,"column":2},"end":{"line":31,"column":null}},"11":{"start":{"line":35,"column":2},"end":{"line":35,"column":null}},"12":{"start":{"line":41,"column":2},"end":{"line":41,"column":null}},"13":{"start":{"line":45,"column":2},"end":{"line":45,"column":null}},"14":{"start":{"line":49,"column":2},"end":{"line":49,"column":null}},"15":{"start":{"line":53,"column":2},"end":{"line":53,"column":null}},"16":{"start":{"line":57,"column":2},"end":{"line":57,"column":null}},"17":{"start":{"line":61,"column":2},"end":{"line":61,"column":null}},"18":{"start":{"line":65,"column":2},"end":{"line":65,"column":null}},"19":{"start":{"line":69,"column":2},"end":{"line":69,"column":null}},"20":{"start":{"line":73,"column":2},"end":{"line":73,"column":null}},"21":{"start":{"line":77,"column":2},"end":{"line":77,"column":null}},"22":{"start":{"line":81,"column":2},"end":{"line":81,"column":null}},"23":{"start":{"line":85,"column":2},"end":{"line":85,"column":null}},"24":{"start":{"line":89,"column":2},"end":{"line":89,"column":null}},"25":{"start":{"line":8,"column":13},"end":{"line":90,"column":null}},"26":{"start":{"line":92,"column":13},"end":{"line":93,"column":53}}},"fnMap":{},"branchMap":{},"s":{"0":3,"1":3,"2":3,"3":3,"4":3,"5":3,"6":3,"7":3,"8":3,"9":3,"10":3,"11":3,"12":3,"13":3,"14":3,"15":3,"16":3,"17":3,"18":3,"19":3,"20":3,"21":3,"22":3,"23":3,"24":3,"25":3,"26":3},"f":{},"b":{}}
,"C:\\Users\\ariel\\OneDrive\\Escritorio\\Workspace\\CRMF5\\backend\\src\\gestion-convocatoria\\gestion-convocatoria.controller.ts": {"path":"C:\\Users\\ariel\\OneDrive\\Escritorio\\Workspace\\CRMF5\\backend\\src\\gestion-convocatoria\\gestion-convocatoria.controller.ts","statementMap":{"0":{"start":{"line":1,"column":0},"end":{"line":1,"column":83}},"1":{"start":{"line":2,"column":0},"end":{"line":2,"column":76}},"2":{"start":{"line":3,"column":0},"end":{"line":3,"column":85}},"3":{"start":{"line":4,"column":0},"end":{"line":4,"column":85}},"4":{"start":{"line":5,"column":0},"end":{"line":5,"column":61}},"5":{"start":{"line":9,"column":7},"end":{"line":39,"column":null}},"6":{"start":{"line":11,"column":31},"end":{"line":11,"column":59}},"7":{"start":{"line":16,"column":4},"end":{"line":16,"column":80}},"8":{"start":{"line":21,"column":4},"end":{"line":21,"column":53}},"9":{"start":{"line":26,"column":4},"end":{"line":26,"column":55}},"10":{"start":{"line":31,"column":4},"end":{"line":31,"column":80}},"11":{"start":{"line":36,"column":4},"end":{"line":36,"column":54}},"12":{"start":{"line":9,"column":13},"end":{"line":9,"column":42}},"13":{"start":{"line":15,"column":2},"end":{"line":17,"column":null}},"14":{"start":{"line":20,"column":2},"end":{"line":22,"column":null}},"15":{"start":{"line":25,"column":2},"end":{"line":27,"column":null}},"16":{"start":{"line":30,"column":2},"end":{"line":32,"column":null}},"17":{"start":{"line":35,"column":2},"end":{"line":37,"column":null}},"18":{"start":{"line":9,"column":13},"end":{"line":39,"column":null}}},"fnMap":{"0":{"name":"(anonymous_4)","decl":{"start":{"line":11,"column":2},"end":{"line":11,"column":31}},"loc":{"start":{"line":11,"column":85},"end":{"line":11,"column":89}}},"1":{"name":"(anonymous_5)","decl":{"start":{"line":15,"column":2},"end":{"line":15,"column":8}},"loc":{"start":{"line":15,"column":75},"end":{"line":17,"column":3}}},"2":{"name":"(anonymous_6)","decl":{"start":{"line":20,"column":2},"end":{"line":20,"column":9}},"loc":{"start":{"line":20,"column":9},"end":{"line":22,"column":3}}},"3":{"name":"(anonymous_7)","decl":{"start":{"line":25,"column":2},"end":{"line":25,"column":9}},"loc":{"start":{"line":25,"column":34},"end":{"line":27,"column":3}}},"4":{"name":"(anonymous_8)","decl":{"start":{"line":30,"column":2},"end":{"line":30,"column":8}},"loc":{"start":{"line":30,"column":75},"end":{"line":32,"column":3}}},"5":{"name":"(anonymous_9)","decl":{"start":{"line":35,"column":2},"end":{"line":35,"column":8}},"loc":{"start":{"line":35,"column":32},"end":{"line":37,"column":3}}}},"branchMap":{},"s":{"0":0,"1":0,"2":0,"3":0,"4":0,"5":0,"6":0,"7":0,"8":0,"9":0,"10":0,"11":0,"12":0,"13":0,"14":0,"15":0,"16":0,"17":0,"18":0},"f":{"0":0,"1":0,"2":0,"3":0,"4":0,"5":0},"b":{}}
,"C:\\Users\\ariel\\OneDrive\\Escritorio\\Workspace\\CRMF5\\backend\\src\\gestion-convocatoria\\gestion-convocatoria.module.ts": {"path":"C:\\Users\\ariel\\OneDrive\\Escritorio\\Workspace\\CRMF5\\backend\\src\\gestion-convocatoria\\gestion-convocatoria.module.ts","statementMap":{"0":{"start":{"line":1,"column":0},"end":{"line":1,"column":40}},"1":{"start":{"line":2,"column":0},"end":{"line":2,"column":76}},"2":{"start":{"line":3,"column":0},"end":{"line":3,"column":82}},"3":{"start":{"line":4,"column":0},"end":{"line":4,"column":50}},"4":{"start":{"line":5,"column":0},"end":{"line":5,"column":90}},"5":{"start":{"line":6,"column":0},"end":{"line":6,"column":117}},"6":{"start":{"line":7,"column":0},"end":{"line":7,"column":128}},"7":{"start":{"line":35,"column":7},"end":{"line":35,"column":null}},"8":{"start":{"line":35,"column":13},"end":{"line":35,"column":38}},"9":{"start":{"line":35,"column":13},"end":{"line":35,"column":null}}},"fnMap":{},"branchMap":{},"s":{"0":0,"1":0,"2":0,"3":0,"4":0,"5":0,"6":0,"7":0,"8":0,"9":0},"f":{},"b":{}}
,"C:\\Users\\ariel\\OneDrive\\Escritorio\\Workspace\\CRMF5\\backend\\src\\gestion-convocatoria\\gestion-convocatoria.service.ts": {"path":"C:\\Users\\ariel\\OneDrive\\Escritorio\\Workspace\\CRMF5\\backend\\src\\gestion-convocatoria\\gestion-convocatoria.service.ts","statementMap":{"0":{"start":{"line":1,"column":0},"end":{"line":1,"column":92}},"1":{"start":{"line":4,"column":0},"end":{"line":4,"column":47}},"2":{"start":{"line":5,"column":0},"end":{"line":5,"column":75}},"3":{"start":{"line":6,"column":0},"end":{"line":6,"column":43}},"4":{"start":{"line":7,"column":0},"end":{"line":7,"column":92}},"5":{"start":{"line":8,"column":0},"end":{"line":8,"column":61}},"6":{"start":{"line":9,"column":0},"end":{"line":9,"column":100}},"7":{"start":{"line":13,"column":7},"end":{"line":127,"column":null}},"8":{"start":{"line":16,"column":12},"end":{"line":16,"column":26}},"9":{"start":{"line":18,"column":12},"end":{"line":18,"column":27}},"10":{"start":{"line":20,"column":13},"end":{"line":20,"column":33}},"11":{"start":{"line":28,"column":27},"end":{"line":28,"column":76}},"12":{"start":{"line":29,"column":24},"end":{"line":29,"column":78}},"13":{"start":{"line":30,"column":27},"end":{"line":30,"column":64}},"14":{"start":{"line":31,"column":27},"end":{"line":31,"column":125}},"15":{"start":{"line":32,"column":4},"end":{"line":34,"column":null}},"16":{"start":{"line":33,"column":6},"end":{"line":33,"column":null}},"17":{"start":{"line":35,"column":32},"end":{"line":35,"column":133}},"18":{"start":{"line":36,"column":4},"end":{"line":38,"column":null}},"19":{"start":{"line":37,"column":6},"end":{"line":37,"column":null}},"20":{"start":{"line":40,"column":33},"end":{"line":40,"column":132}},"21":{"start":{"line":41,"column":4},"end":{"line":43,"column":null}},"22":{"start":{"line":42,"column":6},"end":{"line":42,"column":null}},"23":{"start":{"line":45,"column":18},"end":{"line":56,"column":6}},"24":{"start":{"line":58,"column":4},"end":{"line":58,"column":24}},"25":{"start":{"line":62,"column":4},"end":{"line":77,"column":null}},"26":{"start":{"line":63,"column":27},"end":{"line":68,"column":15}},"27":{"start":{"line":70,"column":6},"end":{"line":74,"column":8}},"28":{"start":{"line":76,"column":6},"end":{"line":76,"column":18}},"29":{"start":{"line":82,"column":4},"end":{"line":91,"column":null}},"30":{"start":{"line":83,"column":22},"end":{"line":83,"column":63}},"31":{"start":{"line":84,"column":6},"end":{"line":88,"column":8}},"32":{"start":{"line":90,"column":6},"end":{"line":90,"column":null}},"33":{"start":{"line":97,"column":3},"end":{"line":109,"column":null}},"34":{"start":{"line":98,"column":26},"end":{"line":101,"column":8}},"35":{"start":{"line":102,"column":6},"end":{"line":106,"column":null}},"36":{"start":{"line":108,"column":4},"end":{"line":108,"column":null}},"37":{"start":{"line":113,"column":2},"end":{"line":123,"column":null}},"38":{"start":{"line":114,"column":26},"end":{"line":114,"column":71}},"39":{"start":{"line":115,"column":4},"end":{"line":115,"column":null}},"40":{"start":{"line":115,"column":23},"end":{"line":115,"column":null}},"41":{"start":{"line":116,"column":4},"end":{"line":120,"column":null}},"42":{"start":{"line":122,"column":4},"end":{"line":122,"column":null}},"43":{"start":{"line":13,"column":13},"end":{"line":13,"column":39}},"44":{"start":{"line":13,"column":13},"end":{"line":127,"column":null}}},"fnMap":{"0":{"name":"(anonymous_4)","decl":{"start":{"line":14,"column":2},"end":{"line":14,"column":null}},"loc":{"start":{"line":20,"column":61},"end":{"line":22,"column":6}}},"1":{"name":"(anonymous_5)","decl":{"start":{"line":24,"column":2},"end":{"line":24,"column":7}},"loc":{"start":{"line":25,"column":62},"end":{"line":59,"column":3}}},"2":{"name":"(anonymous_6)","decl":{"start":{"line":61,"column":2},"end":{"line":61,"column":7}},"loc":{"start":{"line":61,"column":15},"end":{"line":78,"column":3}}},"3":{"name":"(anonymous_7)","decl":{"start":{"line":81,"column":1},"end":{"line":81,"column":6}},"loc":{"start":{"line":81,"column":26},"end":{"line":92,"column":3}}},"4":{"name":"(anonymous_8)","decl":{"start":{"line":94,"column":1},"end":{"line":94,"column":6}},"loc":{"start":{"line":95,"column":62},"end":{"line":110,"column":3}}},"5":{"name":"(anonymous_9)","decl":{"start":{"line":112,"column":1},"end":{"line":112,"column":6}},"loc":{"start":{"line":112,"column":25},"end":{"line":125,"column":3}}}},"branchMap":{"0":{"loc":{"start":{"line":32,"column":4},"end":{"line":34,"column":null}},"type":"if","locations":[{"start":{"line":32,"column":4},"end":{"line":34,"column":null}}]},"1":{"loc":{"start":{"line":36,"column":4},"end":{"line":38,"column":null}},"type":"if","locations":[{"start":{"line":36,"column":4},"end":{"line":38,"column":null}}]},"2":{"loc":{"start":{"line":41,"column":4},"end":{"line":43,"column":null}},"type":"if","locations":[{"start":{"line":41,"column":4},"end":{"line":43,"column":null}}]},"3":{"loc":{"start":{"line":115,"column":4},"end":{"line":115,"column":null}},"type":"if","locations":[{"start":{"line":115,"column":4},"end":{"line":115,"column":null}}]}},"s":{"0":1,"1":1,"2":1,"3":1,"4":1,"5":1,"6":1,"7":1,"8":0,"9":0,"10":0,"11":0,"12":0,"13":0,"14":0,"15":0,"16":0,"17":0,"18":0,"19":0,"20":0,"21":0,"22":0,"23":0,"24":0,"25":0,"26":0,"27":0,"28":0,"29":0,"30":0,"31":0,"32":0,"33":0,"34":0,"35":0,"36":0,"37":0,"38":0,"39":0,"40":0,"41":0,"42":0,"43":1,"44":1},"f":{"0":0,"1":0,"2":0,"3":0,"4":0,"5":0},"b":{"0":[0],"1":[0],"2":[0],"3":[0]}}
,"C:\\Users\\ariel\\OneDrive\\Escritorio\\Workspace\\CRMF5\\backend\\src\\gestion-convocatoria\\dto\\create-gestion-convocatoria.dto.ts": {"path":"C:\\Users\\ariel\\OneDrive\\Escritorio\\Workspace\\CRMF5\\backend\\src\\gestion-convocatoria\\dto\\create-gestion-convocatoria.dto.ts","statementMap":{"0":{"start":{"line":1,"column":0},"end":{"line":1,"column":46}},"1":{"start":{"line":2,"column":0},"end":{"line":2,"column":52}},"2":{"start":{"line":3,"column":0},"end":{"line":3,"column":95}},"3":{"start":{"line":4,"column":0},"end":{"line":4,"column":58}},"4":{"start":{"line":5,"column":0},"end":{"line":5,"column":64}},"5":{"start":{"line":6,"column":0},"end":{"line":6,"column":60}},"6":{"start":{"line":7,"column":0},"end":{"line":7,"column":66}},"7":{"start":{"line":8,"column":0},"end":{"line":8,"column":52}},"8":{"start":{"line":9,"column":0},"end":{"line":9,"column":103}},"9":{"start":{"line":11,"column":0},"end":{"line":11,"column":13}},"10":{"start":{"line":14,"column":0},"end":{"line":14,"column":null}},"11":{"start":{"line":19,"column":0},"end":{"line":19,"column":null}},"12":{"start":{"line":24,"column":0},"end":{"line":24,"column":null}},"13":{"start":{"line":28,"column":0},"end":{"line":28,"column":null}},"14":{"start":{"line":32,"column":0},"end":{"line":32,"column":null}},"15":{"start":{"line":36,"column":0},"end":{"line":36,"column":null}},"16":{"start":{"line":40,"column":0},"end":{"line":40,"column":null}},"17":{"start":{"line":44,"column":0},"end":{"line":44,"column":null}},"18":{"start":{"line":48,"column":0},"end":{"line":48,"column":null}},"19":{"start":{"line":53,"column":0},"end":{"line":53,"column":null}}},"fnMap":{},"branchMap":{},"s":{"0":0,"1":0,"2":0,"3":0,"4":0,"5":0,"6":0,"7":0,"8":0,"9":0,"10":0,"11":0,"12":0,"13":0,"14":0,"15":0,"16":0,"17":0,"18":0,"19":0},"f":{},"b":{}}
,"C:\\Users\\ariel\\OneDrive\\Escritorio\\Workspace\\CRMF5\\backend\\src\\gestion-convocatoria\\dto\\etapa-cierre.dto.ts": {"path":"C:\\Users\\ariel\\OneDrive\\Escritorio\\Workspace\\CRMF5\\backend\\src\\gestion-convocatoria\\dto\\etapa-cierre.dto.ts","statementMap":{"0":{"start":{"line":1,"column":0},"end":{"line":1,"column":46}},"1":{"start":{"line":2,"column":0},"end":{"line":2,"column":53}},"2":{"start":{"line":5,"column":0},"end":{"line":5,"column":13}},"3":{"start":{"line":8,"column":0},"end":{"line":8,"column":null}},"4":{"start":{"line":12,"column":0},"end":{"line":12,"column":null}},"5":{"start":{"line":16,"column":0},"end":{"line":16,"column":null}},"6":{"start":{"line":20,"column":0},"end":{"line":20,"column":null}},"7":{"start":{"line":24,"column":0},"end":{"line":24,"column":null}},"8":{"start":{"line":28,"column":0},"end":{"line":28,"column":null}}},"fnMap":{},"branchMap":{},"s":{"0":1,"1":1,"2":1,"3":1,"4":1,"5":1,"6":1,"7":1,"8":1},"f":{},"b":{}}
,"C:\\Users\\ariel\\OneDrive\\Escritorio\\Workspace\\CRMF5\\backend\\src\\gestion-convocatoria\\dto\\etapa-justificacion.dto.ts": {"path":"C:\\Users\\ariel\\OneDrive\\Escritorio\\Workspace\\CRMF5\\backend\\src\\gestion-convocatoria\\dto\\etapa-justificacion.dto.ts","statementMap":{"0":{"start":{"line":1,"column":0},"end":{"line":1,"column":46}},"1":{"start":{"line":2,"column":0},"end":{"line":2,"column":43}},"2":{"start":{"line":5,"column":0},"end":{"line":5,"column":13}},"3":{"start":{"line":8,"column":0},"end":{"line":8,"column":null}},"4":{"start":{"line":12,"column":0},"end":{"line":12,"column":null}},"5":{"start":{"line":16,"column":0},"end":{"line":16,"column":null}},"6":{"start":{"line":20,"column":0},"end":{"line":20,"column":null}},"7":{"start":{"line":24,"column":0},"end":{"line":24,"column":null}},"8":{"start":{"line":28,"column":0},"end":{"line":28,"column":null}}},"fnMap":{},"branchMap":{},"s":{"0":1,"1":1,"2":1,"3":1,"4":1,"5":1,"6":1,"7":1,"8":1},"f":{},"b":{}}
,"C:\\Users\\ariel\\OneDrive\\Escritorio\\Workspace\\CRMF5\\backend\\src\\gestion-convocatoria\\dto\\etapa-otorgamiento.dto.ts": {"path":"C:\\Users\\ariel\\OneDrive\\Escritorio\\Workspace\\CRMF5\\backend\\src\\gestion-convocatoria\\dto\\etapa-otorgamiento.dto.ts","statementMap":{"0":{"start":{"line":1,"column":0},"end":{"line":1,"column":46}},"1":{"start":{"line":2,"column":0},"end":{"line":2,"column":61}},"2":{"start":{"line":4,"column":0},"end":{"line":4,"column":null}},"3":{"start":{"line":5,"column":4},"end":{"line":5,"column":null}},"4":{"start":{"line":6,"column":4},"end":{"line":6,"column":null}},"5":{"start":{"line":9,"column":0},"end":{"line":9,"column":13}},"6":{"start":{"line":12,"column":0},"end":{"line":12,"column":null}},"7":{"start":{"line":17,"column":0},"end":{"line":17,"column":null}},"8":{"start":{"line":21,"column":0},"end":{"line":21,"column":null}},"9":{"start":{"line":25,"column":0},"end":{"line":25,"column":null}},"10":{"start":{"line":29,"column":0},"end":{"line":29,"column":null}},"11":{"start":{"line":33,"column":0},"end":{"line":33,"column":null}},"12":{"start":{"line":37,"column":0},"end":{"line":37,"column":null}},"13":{"start":{"line":41,"column":0},"end":{"line":41,"column":null}},"14":{"start":{"line":45,"column":0},"end":{"line":45,"column":null}},"15":{"start":{"line":49,"column":0},"end":{"line":49,"column":null}},"16":{"start":{"line":53,"column":0},"end":{"line":53,"column":null}},"17":{"start":{"line":57,"column":0},"end":{"line":57,"column":null}},"18":{"start":{"line":61,"column":0},"end":{"line":61,"column":null}},"19":{"start":{"line":65,"column":0},"end":{"line":65,"column":null}}},"fnMap":{"0":{"name":"(anonymous_2)","decl":{"start":{"line":4,"column":0},"end":{"line":4,"column":5}},"loc":{"start":{"line":4,"column":20},"end":{"line":7,"column":1}}}},"branchMap":{"0":{"loc":{"start":{"line":4,"column":5},"end":{"line":4,"column":null}},"type":"binary-expr","locations":[{"start":{"line":4,"column":5},"end":{"line":4,"column":20}},{"start":{"line":4,"column":5},"end":{"line":4,"column":null}}]}},"s":{"0":1,"1":1,"2":1,"3":1,"4":1,"5":1,"6":1,"7":1,"8":1,"9":1,"10":1,"11":1,"12":1,"13":1,"14":1,"15":1,"16":1,"17":1,"18":1,"19":1},"f":{"0":1},"b":{"0":[1,1]}}
,"C:\\Users\\ariel\\OneDrive\\Escritorio\\Workspace\\CRMF5\\backend\\src\\gestion-convocatoria\\dto\\etapa-resolucion.dto.ts": {"path":"C:\\Users\\ariel\\OneDrive\\Escritorio\\Workspace\\CRMF5\\backend\\src\\gestion-convocatoria\\dto\\etapa-resolucion.dto.ts","statementMap":{"0":{"start":{"line":1,"column":0},"end":{"line":1,"column":46}},"1":{"start":{"line":2,"column":0},"end":{"line":2,"column":43}},"2":{"start":{"line":5,"column":0},"end":{"line":5,"column":13}},"3":{"start":{"line":8,"column":0},"end":{"line":8,"column":null}},"4":{"start":{"line":12,"column":0},"end":{"line":12,"column":null}},"5":{"start":{"line":16,"column":0},"end":{"line":16,"column":null}},"6":{"start":{"line":20,"column":0},"end":{"line":20,"column":null}},"7":{"start":{"line":24,"column":0},"end":{"line":24,"column":null}},"8":{"start":{"line":28,"column":0},"end":{"line":28,"column":null}},"9":{"start":{"line":32,"column":0},"end":{"line":32,"column":null}}},"fnMap":{},"branchMap":{},"s":{"0":1,"1":1,"2":1,"3":1,"4":1,"5":1,"6":1,"7":1,"8":1,"9":1},"f":{},"b":{}}
,"C:\\Users\\ariel\\OneDrive\\Escritorio\\Workspace\\CRMF5\\backend\\src\\gestion-convocatoria\\dto\\etapa-solicitud.dto.ts": {"path":"C:\\Users\\ariel\\OneDrive\\Escritorio\\Workspace\\CRMF5\\backend\\src\\gestion-convocatoria\\dto\\etapa-solicitud.dto.ts","statementMap":{"0":{"start":{"line":1,"column":0},"end":{"line":1,"column":46}},"1":{"start":{"line":2,"column":0},"end":{"line":2,"column":53}},"2":{"start":{"line":4,"column":0},"end":{"line":4,"column":13}},"3":{"start":{"line":9,"column":0},"end":{"line":9,"column":null}},"4":{"start":{"line":13,"column":0},"end":{"line":13,"column":null}},"5":{"start":{"line":17,"column":0},"end":{"line":17,"column":null}},"6":{"start":{"line":21,"column":0},"end":{"line":21,"column":null}},"7":{"start":{"line":25,"column":0},"end":{"line":25,"column":null}}},"fnMap":{},"branchMap":{},"s":{"0":1,"1":1,"2":1,"3":1,"4":1,"5":1,"6":1,"7":1},"f":{},"b":{}}
,"C:\\Users\\ariel\\OneDrive\\Escritorio\\Workspace\\CRMF5\\backend\\src\\gestion-convocatoria\\dto\\update-gestion-convocatoria.dto.ts": {"path":"C:\\Users\\ariel\\OneDrive\\Escritorio\\Workspace\\CRMF5\\backend\\src\\gestion-convocatoria\\dto\\update-gestion-convocatoria.dto.ts","statementMap":{"0":{"start":{"line":1,"column":0},"end":{"line":1,"column":59}},"1":{"start":{"line":2,"column":0},"end":{"line":2,"column":81}},"2":{"start":{"line":3,"column":0},"end":{"line":3,"column":58}},"3":{"start":{"line":4,"column":0},"end":{"line":4,"column":60}},"4":{"start":{"line":5,"column":0},"end":{"line":5,"column":64}},"5":{"start":{"line":6,"column":0},"end":{"line":6,"column":66}},"6":{"start":{"line":7,"column":0},"end":{"line":7,"column":52}},"7":{"start":{"line":8,"column":0},"end":{"line":8,"column":52}},"8":{"start":{"line":10,"column":0},"end":{"line":10,"column":13}},"9":{"start":{"line":17,"column":2},"end":{"line":17,"column":null}},"10":{"start":{"line":21,"column":2},"end":{"line":21,"column":null}},"11":{"start":{"line":25,"column":2},"end":{"line":25,"column":null}},"12":{"start":{"line":29,"column":2},"end":{"line":29,"column":null}},"13":{"start":{"line":33,"column":2},"end":{"line":33,"column":null}}},"fnMap":{},"branchMap":{},"s":{"0":0,"1":0,"2":0,"3":0,"4":0,"5":0,"6":0,"7":0,"8":0,"9":0,"10":0,"11":0,"12":0,"13":0},"f":{},"b":{}}
,"C:\\Users\\ariel\\OneDrive\\Escritorio\\Workspace\\CRMF5\\backend\\src\\gestion-convocatoria\\schema\\gestion-convocatoria.schema.ts": {"path":"C:\\Users\\ariel\\OneDrive\\Escritorio\\Workspace\\CRMF5\\backend\\src\\gestion-convocatoria\\schema\\gestion-convocatoria.schema.ts","statementMap":{"0":{"start":{"line":1,"column":0},"end":{"line":1,"column":63}},"1":{"start":{"line":2,"column":0},"end":{"line":2,"column":46}},"2":{"start":{"line":3,"column":0},"end":{"line":3,"column":60}},"3":{"start":{"line":4,"column":0},"end":{"line":4,"column":63}},"4":{"start":{"line":5,"column":0},"end":{"line":5,"column":65}},"5":{"start":{"line":6,"column":0},"end":{"line":6,"column":69}},"6":{"start":{"line":7,"column":0},"end":{"line":7,"column":71}},"7":{"start":{"line":8,"column":0},"end":{"line":8,"column":57}},"8":{"start":{"line":14,"column":7},"end":{"line":56,"column":null}},"9":{"start":{"line":14,"column":13},"end":{"line":14,"column":32}},"10":{"start":{"line":18,"column":0},"end":{"line":18,"column":null}},"11":{"start":{"line":22,"column":0},"end":{"line":22,"column":null}},"12":{"start":{"line":26,"column":0},"end":{"line":26,"column":null}},"13":{"start":{"line":30,"column":0},"end":{"line":30,"column":null}},"14":{"start":{"line":34,"column":0},"end":{"line":34,"column":null}},"15":{"start":{"line":38,"column":0},"end":{"line":38,"column":null}},"16":{"start":{"line":42,"column":0},"end":{"line":42,"column":null}},"17":{"start":{"line":46,"column":0},"end":{"line":46,"column":null}},"18":{"start":{"line":50,"column":0},"end":{"line":50,"column":null}},"19":{"start":{"line":54,"column":0},"end":{"line":54,"column":null}},"20":{"start":{"line":14,"column":13},"end":{"line":56,"column":null}},"21":{"start":{"line":59,"column":13},"end":{"line":59,"column":null}}},"fnMap":{},"branchMap":{},"s":{"0":1,"1":1,"2":1,"3":1,"4":1,"5":1,"6":1,"7":1,"8":1,"9":1,"10":1,"11":1,"12":1,"13":1,"14":1,"15":1,"16":1,"17":1,"18":1,"19":1,"20":1,"21":1},"f":{},"b":{}}
,"C:\\Users\\ariel\\OneDrive\\Escritorio\\Workspace\\CRMF5\\backend\\src\\proyectos-registros\\proyectos-registros.controller.ts": {"path":"C:\\Users\\ariel\\OneDrive\\Escritorio\\Workspace\\CRMF5\\backend\\src\\proyectos-registros\\proyectos-registros.controller.ts","statementMap":{"0":{"start":{"line":1,"column":0},"end":{"line":1,"column":83}},"1":{"start":{"line":2,"column":0},"end":{"line":2,"column":74}},"2":{"start":{"line":3,"column":0},"end":{"line":3,"column":81}},"3":{"start":{"line":4,"column":0},"end":{"line":4,"column":81}},"4":{"start":{"line":5,"column":0},"end":{"line":5,"column":61}},"5":{"start":{"line":9,"column":7},"end":{"line":41,"column":null}},"6":{"start":{"line":10,"column":22},"end":{"line":10,"column":49}},"7":{"start":{"line":15,"column":4},"end":{"line":15,"column":null}},"8":{"start":{"line":16,"column":4},"end":{"line":16,"column":77}},"9":{"start":{"line":22,"column":4},"end":{"line":22,"column":52}},"10":{"start":{"line":28,"column":4},"end":{"line":28,"column":54}},"11":{"start":{"line":34,"column":4},"end":{"line":34,"column":77}},"12":{"start":{"line":39,"column":4},"end":{"line":39,"column":53}},"13":{"start":{"line":9,"column":13},"end":{"line":9,"column":41}},"14":{"start":{"line":14,"column":2},"end":{"line":17,"column":null}},"15":{"start":{"line":21,"column":2},"end":{"line":23,"column":null}},"16":{"start":{"line":27,"column":2},"end":{"line":29,"column":null}},"17":{"start":{"line":33,"column":2},"end":{"line":35,"column":null}},"18":{"start":{"line":38,"column":2},"end":{"line":40,"column":null}},"19":{"start":{"line":9,"column":13},"end":{"line":41,"column":null}}},"fnMap":{"0":{"name":"(anonymous_4)","decl":{"start":{"line":10,"column":2},"end":{"line":10,"column":22}},"loc":{"start":{"line":10,"column":74},"end":{"line":10,"column":78}}},"1":{"name":"(anonymous_5)","decl":{"start":{"line":14,"column":2},"end":{"line":14,"column":8}},"loc":{"start":{"line":14,"column":71},"end":{"line":17,"column":3}}},"2":{"name":"(anonymous_6)","decl":{"start":{"line":21,"column":2},"end":{"line":21,"column":9}},"loc":{"start":{"line":21,"column":9},"end":{"line":23,"column":3}}},"3":{"name":"(anonymous_7)","decl":{"start":{"line":27,"column":2},"end":{"line":27,"column":9}},"loc":{"start":{"line":27,"column":34},"end":{"line":29,"column":3}}},"4":{"name":"(anonymous_8)","decl":{"start":{"line":33,"column":2},"end":{"line":33,"column":8}},"loc":{"start":{"line":33,"column":71},"end":{"line":35,"column":3}}},"5":{"name":"(anonymous_9)","decl":{"start":{"line":38,"column":2},"end":{"line":38,"column":8}},"loc":{"start":{"line":38,"column":32},"end":{"line":40,"column":3}}}},"branchMap":{},"s":{"0":1,"1":1,"2":1,"3":1,"4":1,"5":1,"6":6,"7":1,"8":1,"9":1,"10":1,"11":1,"12":1,"13":1,"14":1,"15":1,"16":1,"17":1,"18":1,"19":1},"f":{"0":6,"1":1,"2":1,"3":1,"4":1,"5":1},"b":{}}
,"C:\\Users\\ariel\\OneDrive\\Escritorio\\Workspace\\CRMF5\\backend\\src\\proyectos-registros\\proyectos-registros.module.ts": {"path":"C:\\Users\\ariel\\OneDrive\\Escritorio\\Workspace\\CRMF5\\backend\\src\\proyectos-registros\\proyectos-registros.module.ts","statementMap":{"0":{"start":{"line":1,"column":0},"end":{"line":1,"column":40}},"1":{"start":{"line":2,"column":0},"end":{"line":2,"column":74}},"2":{"start":{"line":3,"column":0},"end":{"line":3,"column":80}},"3":{"start":{"line":4,"column":0},"end":{"line":4,"column":50}},"4":{"start":{"line":5,"column":0},"end":{"line":5,"column":96}},"5":{"start":{"line":20,"column":7},"end":{"line":20,"column":null}},"6":{"start":{"line":20,"column":13},"end":{"line":20,"column":37}},"7":{"start":{"line":20,"column":13},"end":{"line":20,"column":null}}},"fnMap":{},"branchMap":{},"s":{"0":0,"1":0,"2":0,"3":0,"4":0,"5":0,"6":0,"7":0},"f":{},"b":{}}
,"C:\\Users\\ariel\\OneDrive\\Escritorio\\Workspace\\CRMF5\\backend\\src\\proyectos-registros\\proyectos-registros.service.ts": {"path":"C:\\Users\\ariel\\OneDrive\\Escritorio\\Workspace\\CRMF5\\backend\\src\\proyectos-registros\\proyectos-registros.service.ts","statementMap":{"0":{"start":{"line":1,"column":0},"end":{"line":1,"column":71}},"1":{"start":{"line":4,"column":0},"end":{"line":4,"column":47}},"2":{"start":{"line":5,"column":0},"end":{"line":5,"column":71}},"3":{"start":{"line":6,"column":0},"end":{"line":6,"column":43}},"4":{"start":{"line":7,"column":0},"end":{"line":7,"column":61}},"5":{"start":{"line":10,"column":7},"end":{"line":97,"column":null}},"6":{"start":{"line":13,"column":17},"end":{"line":13,"column":34}},"7":{"start":{"line":19,"column":25},"end":{"line":19,"column":69}},"8":{"start":{"line":20,"column":30},"end":{"line":20,"column":84}},"9":{"start":{"line":21,"column":33},"end":{"line":21,"column":78}},"10":{"start":{"line":22,"column":18},"end":{"line":25,"column":4}},"11":{"start":{"line":26,"column":2},"end":{"line":31,"column":null}},"12":{"start":{"line":35,"column":2},"end":{"line":44,"column":null}},"13":{"start":{"line":36,"column":24},"end":{"line":36,"column":63}},"14":{"start":{"line":37,"column":4},"end":{"line":41,"column":7}},"15":{"start":{"line":43,"column":4},"end":{"line":43,"column":null}},"16":{"start":{"line":49,"column":4},"end":{"line":58,"column":null}},"17":{"start":{"line":50,"column":23},"end":{"line":50,"column":66}},"18":{"start":{"line":51,"column":6},"end":{"line":55,"column":null}},"19":{"start":{"line":57,"column":6},"end":{"line":57,"column":null}},"20":{"start":{"line":62,"column":0},"end":{"line":75,"column":null}},"21":{"start":{"line":63,"column":26},"end":{"line":66,"column":6}},"22":{"start":{"line":68,"column":4},"end":{"line":72,"column":null}},"23":{"start":{"line":74,"column":2},"end":{"line":74,"column":null}},"24":{"start":{"line":79,"column":0},"end":{"line":89,"column":null}},"25":{"start":{"line":80,"column":24},"end":{"line":80,"column":71}},"26":{"start":{"line":81,"column":2},"end":{"line":81,"column":null}},"27":{"start":{"line":81,"column":21},"end":{"line":81,"column":null}},"28":{"start":{"line":82,"column":1},"end":{"line":86,"column":null}},"29":{"start":{"line":88,"column":2},"end":{"line":88,"column":null}},"30":{"start":{"line":94,"column":4},"end":{"line":94,"column":52}},"31":{"start":{"line":10,"column":13},"end":{"line":10,"column":38}},"32":{"start":{"line":10,"column":13},"end":{"line":97,"column":null}}},"fnMap":{"0":{"name":"(anonymous_4)","decl":{"start":{"line":11,"column":0},"end":{"line":11,"column":null}},"loc":{"start":{"line":13,"column":59},"end":{"line":15,"column":3}}},"1":{"name":"(anonymous_5)","decl":{"start":{"line":17,"column":1},"end":{"line":17,"column":6}},"loc":{"start":{"line":17,"column":68},"end":{"line":33,"column":3}}},"2":{"name":"(anonymous_6)","decl":{"start":{"line":34,"column":1},"end":{"line":34,"column":6}},"loc":{"start":{"line":34,"column":14},"end":{"line":46,"column":3}}},"3":{"name":"(anonymous_7)","decl":{"start":{"line":48,"column":1},"end":{"line":48,"column":6}},"loc":{"start":{"line":48,"column":26},"end":{"line":59,"column":3}}},"4":{"name":"(anonymous_8)","decl":{"start":{"line":61,"column":1},"end":{"line":61,"column":6}},"loc":{"start":{"line":61,"column":68},"end":{"line":76,"column":3}}},"5":{"name":"(anonymous_9)","decl":{"start":{"line":78,"column":1},"end":{"line":78,"column":6}},"loc":{"start":{"line":78,"column":26},"end":{"line":91,"column":3}}},"6":{"name":"(anonymous_10)","decl":{"start":{"line":93,"column":2},"end":{"line":93,"column":7}},"loc":{"start":{"line":93,"column":17},"end":{"line":95,"column":3}}}},"branchMap":{"0":{"loc":{"start":{"line":81,"column":2},"end":{"line":81,"column":null}},"type":"if","locations":[{"start":{"line":81,"column":2},"end":{"line":81,"column":null}}]}},"s":{"0":2,"1":2,"2":2,"3":2,"4":2,"5":2,"6":8,"7":1,"8":1,"9":1,"10":1,"11":1,"12":1,"13":1,"14":1,"15":0,"16":2,"17":2,"18":2,"19":0,"20":1,"21":1,"22":1,"23":0,"24":0,"25":0,"26":0,"27":0,"28":0,"29":0,"30":0,"31":2,"32":2},"f":{"0":8,"1":1,"2":1,"3":2,"4":1,"5":0,"6":0},"b":{"0":[0]}}
,"C:\\Users\\ariel\\OneDrive\\Escritorio\\Workspace\\CRMF5\\backend\\src\\proyectos-registros\\dto\\create-proyectos-registro.dto.ts": {"path":"C:\\Users\\ariel\\OneDrive\\Escritorio\\Workspace\\CRMF5\\backend\\src\\proyectos-registros\\dto\\create-proyectos-registro.dto.ts","statementMap":{"0":{"start":{"line":1,"column":0},"end":{"line":1,"column":46}},"1":{"start":{"line":2,"column":0},"end":{"line":2,"column":53}},"2":{"start":{"line":4,"column":0},"end":{"line":4,"column":13}},"3":{"start":{"line":7,"column":2},"end":{"line":7,"column":null}},"4":{"start":{"line":11,"column":2},"end":{"line":11,"column":null}},"5":{"start":{"line":15,"column":2},"end":{"line":15,"column":null}},"6":{"start":{"line":19,"column":2},"end":{"line":19,"column":null}},"7":{"start":{"line":23,"column":2},"end":{"line":23,"column":null}},"8":{"start":{"line":27,"column":2},"end":{"line":27,"column":null}},"9":{"start":{"line":31,"column":2},"end":{"line":31,"column":null}},"10":{"start":{"line":35,"column":2},"end":{"line":35,"column":null}}},"fnMap":{},"branchMap":{},"s":{"0":1,"1":1,"2":1,"3":1,"4":1,"5":1,"6":1,"7":1,"8":1,"9":1,"10":1},"f":{},"b":{}}
,"C:\\Users\\ariel\\OneDrive\\Escritorio\\Workspace\\CRMF5\\backend\\src\\proyectos-registros\\dto\\update-proyectos-registro.dto.ts": {"path":"C:\\Users\\ariel\\OneDrive\\Escritorio\\Workspace\\CRMF5\\backend\\src\\proyectos-registros\\dto\\update-proyectos-registro.dto.ts","statementMap":{"0":{"start":{"line":1,"column":0},"end":{"line":1,"column":59}},"1":{"start":{"line":2,"column":0},"end":{"line":2,"column":76}},"2":{"start":{"line":3,"column":0},"end":{"line":3,"column":76}},"3":{"start":{"line":6,"column":0},"end":{"line":6,"column":13}},"4":{"start":{"line":9,"column":4},"end":{"line":9,"column":null}},"5":{"start":{"line":13,"column":0},"end":{"line":13,"column":null}},"6":{"start":{"line":17,"column":4},"end":{"line":17,"column":null}},"7":{"start":{"line":21,"column":4},"end":{"line":21,"column":null}},"8":{"start":{"line":26,"column":3},"end":{"line":26,"column":null}},"9":{"start":{"line":30,"column":3},"end":{"line":30,"column":null}},"10":{"start":{"line":34,"column":3},"end":{"line":34,"column":null}},"11":{"start":{"line":38,"column":3},"end":{"line":38,"column":null}},"12":{"start":{"line":42,"column":3},"end":{"line":42,"column":null}}},"fnMap":{},"branchMap":{},"s":{"0":1,"1":1,"2":1,"3":1,"4":1,"5":1,"6":1,"7":1,"8":1,"9":1,"10":1,"11":1,"12":1},"f":{},"b":{}}
,"C:\\Users\\ariel\\OneDrive\\Escritorio\\Workspace\\CRMF5\\backend\\src\\proyectos-registros\\schema\\proyectos-registro.schema.ts": {"path":"C:\\Users\\ariel\\OneDrive\\Escritorio\\Workspace\\CRMF5\\backend\\src\\proyectos-registros\\schema\\proyectos-registro.schema.ts","statementMap":{"0":{"start":{"line":1,"column":0},"end":{"line":1,"column":63}},"1":{"start":{"line":2,"column":0},"end":{"line":2,"column":46}},"2":{"start":{"line":8,"column":7},"end":{"line":51,"column":null}},"3":{"start":{"line":8,"column":13},"end":{"line":8,"column":30}},"4":{"start":{"line":12,"column":0},"end":{"line":12,"column":null}},"5":{"start":{"line":16,"column":0},"end":{"line":16,"column":null}},"6":{"start":{"line":24,"column":0},"end":{"line":24,"column":null}},"7":{"start":{"line":28,"column":0},"end":{"line":28,"column":null}},"8":{"start":{"line":32,"column":0},"end":{"line":32,"column":null}},"9":{"start":{"line":36,"column":0},"end":{"line":36,"column":null}},"10":{"start":{"line":40,"column":0},"end":{"line":40,"column":null}},"11":{"start":{"line":44,"column":0},"end":{"line":44,"column":null}},"12":{"start":{"line":49,"column":0},"end":{"line":49,"column":null}},"13":{"start":{"line":8,"column":13},"end":{"line":51,"column":null}},"14":{"start":{"line":53,"column":13},"end":{"line":53,"column":null}}},"fnMap":{},"branchMap":{},"s":{"0":3,"1":3,"2":3,"3":3,"4":3,"5":3,"6":3,"7":3,"8":3,"9":3,"10":3,"11":3,"12":3,"13":3,"14":3},"f":{},"b":{}}
,"C:\\Users\\ariel\\OneDrive\\Escritorio\\Workspace\\CRMF5\\backend\\src\\schemas\\users.schema.ts": {"path":"C:\\Users\\ariel\\OneDrive\\Escritorio\\Workspace\\CRMF5\\backend\\src\\schemas\\users.schema.ts","statementMap":{"0":{"start":{"line":1,"column":0},"end":{"line":1,"column":63}},"1":{"start":{"line":2,"column":0},"end":{"line":2,"column":54}},"2":{"start":{"line":3,"column":0},"end":{"line":3,"column":35}},"3":{"start":{"line":4,"column":0},"end":{"line":4,"column":47}},"4":{"start":{"line":9,"column":7},"end":{"line":35,"column":null}},"5":{"start":{"line":33,"column":4},"end":{"line":33,"column":68}},"6":{"start":{"line":9,"column":13},"end":{"line":9,"column":17}},"7":{"start":{"line":11,"column":2},"end":{"line":11,"column":null}},"8":{"start":{"line":13,"column":2},"end":{"line":13,"column":null}},"9":{"start":{"line":15,"column":2},"end":{"line":15,"column":null}},"10":{"start":{"line":17,"column":2},"end":{"line":17,"column":null}},"11":{"start":{"line":19,"column":2},"end":{"line":19,"column":null}},"12":{"start":{"line":27,"column":2},"end":{"line":27,"column":null}},"13":{"start":{"line":29,"column":2},"end":{"line":29,"column":null}},"14":{"start":{"line":31,"column":2},"end":{"line":31,"column":null}},"15":{"start":{"line":9,"column":13},"end":{"line":35,"column":null}},"16":{"start":{"line":36,"column":13},"end":{"line":36,"column":61}},"17":{"start":{"line":38,"column":0},"end":{"line":51,"column":3}},"18":{"start":{"line":39,"column":15},"end":{"line":39,"column":19}},"19":{"start":{"line":41,"column":2},"end":{"line":41,"column":50}},"20":{"start":{"line":41,"column":36},"end":{"line":41,"column":50}},"21":{"start":{"line":43,"column":2},"end":{"line":50,"column":5}},"22":{"start":{"line":44,"column":4},"end":{"line":44,"column":30}},"23":{"start":{"line":44,"column":13},"end":{"line":44,"column":30}},"24":{"start":{"line":45,"column":4},"end":{"line":49,"column":7}},"25":{"start":{"line":46,"column":6},"end":{"line":46,"column":32}},"26":{"start":{"line":46,"column":15},"end":{"line":46,"column":32}},"27":{"start":{"line":47,"column":6},"end":{"line":47,"column":27}},"28":{"start":{"line":48,"column":6},"end":{"line":48,"column":13}},"29":{"start":{"line":53,"column":0},"end":{"line":58,"column":2}},"30":{"start":{"line":56,"column":15},"end":{"line":56,"column":27}},"31":{"start":{"line":57,"column":2},"end":{"line":57,"column":58}}},"fnMap":{"0":{"name":"(anonymous_2)","decl":{"start":{"line":32,"column":2},"end":{"line":32,"column":7}},"loc":{"start":{"line":32,"column":40},"end":{"line":34,"column":3}}},"1":{"name":"(anonymous_3)","decl":{"start":{"line":38,"column":23},"end":{"line":38,"column":33}},"loc":{"start":{"line":38,"column":37},"end":{"line":51,"column":1}}},"2":{"name":"(anonymous_4)","decl":{"start":{"line":43,"column":21},"end":{"line":43,"column":31}},"loc":{"start":{"line":43,"column":40},"end":{"line":50,"column":3}}},"3":{"name":"(anonymous_5)","decl":{"start":{"line":45,"column":37},"end":{"line":45,"column":47}},"loc":{"start":{"line":45,"column":56},"end":{"line":49,"column":5}}},"4":{"name":"(anonymous_6)","decl":{"start":{"line":53,"column":37},"end":{"line":53,"column":42}},"loc":{"start":{"line":54,"column":27},"end":{"line":58,"column":1}}}},"branchMap":{"0":{"loc":{"start":{"line":41,"column":2},"end":{"line":41,"column":50}},"type":"if","locations":[{"start":{"line":41,"column":2},"end":{"line":41,"column":50}}]},"1":{"loc":{"start":{"line":44,"column":4},"end":{"line":44,"column":30}},"type":"if","locations":[{"start":{"line":44,"column":4},"end":{"line":44,"column":30}}]},"2":{"loc":{"start":{"line":46,"column":6},"end":{"line":46,"column":32}},"type":"if","locations":[{"start":{"line":46,"column":6},"end":{"line":46,"column":32}}]}},"s":{"0":5,"1":5,"2":5,"3":5,"4":5,"5":0,"6":5,"7":5,"8":5,"9":5,"10":5,"11":5,"12":5,"13":5,"14":5,"15":5,"16":5,"17":5,"18":0,"19":0,"20":0,"21":0,"22":0,"23":0,"24":0,"25":0,"26":0,"27":0,"28":0,"29":5,"30":0,"31":0},"f":{"0":0,"1":0,"2":0,"3":0,"4":0},"b":{"0":[0],"1":[0],"2":[0]}}
,"C:\\Users\\ariel\\OneDrive\\Escritorio\\Workspace\\CRMF5\\backend\\src\\user\\user.controller.ts": {"path":"C:\\Users\\ariel\\OneDrive\\Escritorio\\Workspace\\CRMF5\\backend\\src\\user\\user.controller.ts","statementMap":{"0":{"start":{"line":1,"column":0},"end":{"line":1,"column":null}},"1":{"start":{"line":12,"column":0},"end":{"line":12,"column":45}},"2":{"start":{"line":13,"column":0},"end":{"line":13,"column":54}},"3":{"start":{"line":14,"column":0},"end":{"line":14,"column":54}},"4":{"start":{"line":15,"column":0},"end":{"line":15,"column":null}},"5":{"start":{"line":23,"column":0},"end":{"line":23,"column":59}},"6":{"start":{"line":24,"column":0},"end":{"line":24,"column":47}},"7":{"start":{"line":26,"column":0},"end":{"line":26,"column":61}},"8":{"start":{"line":27,"column":0},"end":{"line":27,"column":45}},"9":{"start":{"line":28,"column":0},"end":{"line":28,"column":55}},"10":{"start":{"line":38,"column":7},"end":{"line":88,"column":null}},"11":{"start":{"line":39,"column":31},"end":{"line":39,"column":44}},"12":{"start":{"line":47,"column":4},"end":{"line":47,"column":50}},"13":{"start":{"line":56,"column":4},"end":{"line":56,"column":38}},"14":{"start":{"line":64,"column":4},"end":{"line":64,"column":40}},"15":{"start":{"line":76,"column":18},"end":{"line":76,"column":67}},"16":{"start":{"line":77,"column":4},"end":{"line":77,"column":61}},"17":{"start":{"line":86,"column":4},"end":{"line":86,"column":39}},"18":{"start":{"line":38,"column":13},"end":{"line":38,"column":27}},"19":{"start":{"line":46,"column":2},"end":{"line":48,"column":null}},"20":{"start":{"line":55,"column":2},"end":{"line":57,"column":null}},"21":{"start":{"line":63,"column":2},"end":{"line":65,"column":null}},"22":{"start":{"line":71,"column":2},"end":{"line":78,"column":null}},"23":{"start":{"line":85,"column":2},"end":{"line":87,"column":null}},"24":{"start":{"line":38,"column":13},"end":{"line":88,"column":null}}},"fnMap":{"0":{"name":"(anonymous_4)","decl":{"start":{"line":39,"column":2},"end":{"line":39,"column":31}},"loc":{"start":{"line":39,"column":55},"end":{"line":39,"column":59}}},"1":{"name":"(anonymous_5)","decl":{"start":{"line":46,"column":2},"end":{"line":46,"column":8}},"loc":{"start":{"line":46,"column":45},"end":{"line":48,"column":3}}},"2":{"name":"(anonymous_6)","decl":{"start":{"line":55,"column":2},"end":{"line":55,"column":9}},"loc":{"start":{"line":55,"column":20},"end":{"line":57,"column":3}}},"3":{"name":"(anonymous_7)","decl":{"start":{"line":63,"column":2},"end":{"line":63,"column":9}},"loc":{"start":{"line":63,"column":33},"end":{"line":65,"column":3}}},"4":{"name":"(anonymous_8)","decl":{"start":{"line":71,"column":2},"end":{"line":71,"column":8}},"loc":{"start":{"line":74,"column":40},"end":{"line":78,"column":3}}},"5":{"name":"(anonymous_9)","decl":{"start":{"line":85,"column":2},"end":{"line":85,"column":8}},"loc":{"start":{"line":85,"column":32},"end":{"line":87,"column":3}}}},"branchMap":{},"s":{"0":0,"1":0,"2":0,"3":0,"4":0,"5":0,"6":0,"7":0,"8":0,"9":0,"10":0,"11":0,"12":0,"13":0,"14":0,"15":0,"16":0,"17":0,"18":0,"19":0,"20":0,"21":0,"22":0,"23":0,"24":0},"f":{"0":0,"1":0,"2":0,"3":0,"4":0,"5":0},"b":{}}
,"C:\\Users\\ariel\\OneDrive\\Escritorio\\Workspace\\CRMF5\\backend\\src\\user\\user.module.ts": {"path":"C:\\Users\\ariel\\OneDrive\\Escritorio\\Workspace\\CRMF5\\backend\\src\\user\\user.module.ts","statementMap":{"0":{"start":{"line":1,"column":0},"end":{"line":1,"column":40}},"1":{"start":{"line":2,"column":0},"end":{"line":2,"column":45}},"2":{"start":{"line":3,"column":0},"end":{"line":3,"column":51}},"3":{"start":{"line":4,"column":0},"end":{"line":4,"column":50}},"4":{"start":{"line":5,"column":0},"end":{"line":5,"column":59}},"5":{"start":{"line":7,"column":0},"end":{"line":7,"column":40}},"6":{"start":{"line":8,"column":0},"end":{"line":8,"column":47}},"7":{"start":{"line":29,"column":7},"end":{"line":29,"column":null}},"8":{"start":{"line":29,"column":13},"end":{"line":29,"column":23}},"9":{"start":{"line":29,"column":13},"end":{"line":29,"column":null}},"10":{"start":{"line":14,"column":8},"end":{"line":19,"column":10}}},"fnMap":{"0":{"name":"(anonymous_1)","decl":{"start":{"line":13,"column":18},"end":{"line":13,"column":19}},"loc":{"start":{"line":13,"column":51},"end":{"line":20,"column":7}}}},"branchMap":{},"s":{"0":0,"1":0,"2":0,"3":0,"4":0,"5":0,"6":0,"7":0,"8":0,"9":0,"10":0},"f":{"0":0},"b":{}}
,"C:\\Users\\ariel\\OneDrive\\Escritorio\\Workspace\\CRMF5\\backend\\src\\user\\user.service.ts": {"path":"C:\\Users\\ariel\\OneDrive\\Escritorio\\Workspace\\CRMF5\\backend\\src\\user\\user.service.ts","statementMap":{"0":{"start":{"line":1,"column":0},"end":{"line":1,"column":71}},"1":{"start":{"line":4,"column":0},"end":{"line":4,"column":62}},"2":{"start":{"line":5,"column":0},"end":{"line":5,"column":47}},"3":{"start":{"line":6,"column":0},"end":{"line":6,"column":33}},"4":{"start":{"line":7,"column":0},"end":{"line":7,"column":41}},"5":{"start":{"line":9,"column":7},"end":{"line":62,"column":null}},"6":{"start":{"line":11,"column":45},"end":{"line":11,"column":56}},"7":{"start":{"line":12,"column":21},"end":{"line":12,"column":33}},"8":{"start":{"line":15,"column":4},"end":{"line":26,"column":null}},"9":{"start":{"line":16,"column":6},"end":{"line":16,"column":33}},"10":{"start":{"line":17,"column":26},"end":{"line":17,"column":68}},"11":{"start":{"line":18,"column":6},"end":{"line":18,"column":25}},"12":{"start":{"line":20,"column":6},"end":{"line":25,"column":null}},"13":{"start":{"line":21,"column":8},"end":{"line":24,"column":10}},"14":{"start":{"line":29,"column":16},"end":{"line":29,"column":43}},"15":{"start":{"line":30,"column":4},"end":{"line":30,"column":null}},"16":{"start":{"line":33,"column":4},"end":{"line":33,"column":54}},"17":{"start":{"line":36,"column":17},"end":{"line":36,"column":50}},"18":{"start":{"line":37,"column":4},"end":{"line":37,"column":34}},"19":{"start":{"line":38,"column":4},"end":{"line":40,"column":null}},"20":{"start":{"line":39,"column":6},"end":{"line":39,"column":72}},"21":{"start":{"line":42,"column":25},"end":{"line":42,"column":54}},"22":{"start":{"line":43,"column":4},"end":{"line":45,"column":null}},"23":{"start":{"line":44,"column":6},"end":{"line":44,"column":71}},"24":{"start":{"line":47,"column":4},"end":{"line":47,"column":39}},"25":{"start":{"line":49,"column":24},"end":{"line":49,"column":41}},"26":{"start":{"line":50,"column":4},"end":{"line":50,"column":23}},"27":{"start":{"line":54,"column":24},"end":{"line":56,"column":13}},"28":{"start":{"line":57,"column":4},"end":{"line":59,"column":null}},"29":{"start":{"line":58,"column":6},"end":{"line":58,"column":72}},"30":{"start":{"line":60,"column":4},"end":{"line":60,"column":23}},"31":{"start":{"line":9,"column":13},"end":{"line":9,"column":24}},"32":{"start":{"line":9,"column":13},"end":{"line":62,"column":null}}},"fnMap":{"0":{"name":"(anonymous_4)","decl":{"start":{"line":10,"column":2},"end":{"line":10,"column":null}},"loc":{"start":{"line":12,"column":43},"end":{"line":13,"column":6}}},"1":{"name":"(anonymous_5)","decl":{"start":{"line":14,"column":2},"end":{"line":14,"column":7}},"loc":{"start":{"line":14,"column":43},"end":{"line":27,"column":3}}},"2":{"name":"(anonymous_6)","decl":{"start":{"line":28,"column":2},"end":{"line":28,"column":7}},"loc":{"start":{"line":28,"column":15},"end":{"line":31,"column":3}}},"3":{"name":"(anonymous_7)","decl":{"start":{"line":32,"column":2},"end":{"line":32,"column":7}},"loc":{"start":{"line":32,"column":26},"end":{"line":34,"column":3}}},"4":{"name":"(anonymous_8)","decl":{"start":{"line":35,"column":2},"end":{"line":35,"column":7}},"loc":{"start":{"line":35,"column":70},"end":{"line":51,"column":3}}},"5":{"name":"(anonymous_9)","decl":{"start":{"line":53,"column":2},"end":{"line":53,"column":7}},"loc":{"start":{"line":53,"column":25},"end":{"line":61,"column":3}}}},"branchMap":{"0":{"loc":{"start":{"line":20,"column":6},"end":{"line":25,"column":null}},"type":"if","locations":[{"start":{"line":20,"column":6},"end":{"line":25,"column":null}}]},"1":{"loc":{"start":{"line":38,"column":4},"end":{"line":40,"column":null}},"type":"if","locations":[{"start":{"line":38,"column":4},"end":{"line":40,"column":null}}]},"2":{"loc":{"start":{"line":43,"column":4},"end":{"line":45,"column":null}},"type":"if","locations":[{"start":{"line":43,"column":4},"end":{"line":45,"column":null}}]},"3":{"loc":{"start":{"line":57,"column":4},"end":{"line":59,"column":null}},"type":"if","locations":[{"start":{"line":57,"column":4},"end":{"line":59,"column":null}}]}},"s":{"0":3,"1":3,"2":3,"3":3,"4":3,"5":3,"6":0,"7":0,"8":0,"9":0,"10":0,"11":0,"12":0,"13":0,"14":0,"15":0,"16":0,"17":0,"18":0,"19":0,"20":0,"21":0,"22":0,"23":0,"24":0,"25":0,"26":0,"27":0,"28":0,"29":0,"30":0,"31":3,"32":3},"f":{"0":0,"1":0,"2":0,"3":0,"4":0,"5":0},"b":{"0":[0],"1":[0],"2":[0],"3":[0]}}
,"C:\\Users\\ariel\\OneDrive\\Escritorio\\Workspace\\CRMF5\\backend\\src\\user\\dto\\create-user.dto.ts": {"path":"C:\\Users\\ariel\\OneDrive\\Escritorio\\Workspace\\CRMF5\\backend\\src\\user\\dto\\create-user.dto.ts","statementMap":{"0":{"start":{"line":1,"column":0},"end":{"line":1,"column":null}},"1":{"start":{"line":11,"column":0},"end":{"line":11,"column":56}},"2":{"start":{"line":12,"column":0},"end":{"line":12,"column":46}},"3":{"start":{"line":13,"column":0},"end":{"line":13,"column":50}},"4":{"start":{"line":15,"column":0},"end":{"line":15,"column":13}},"5":{"start":{"line":20,"column":2},"end":{"line":20,"column":null}},"6":{"start":{"line":25,"column":2},"end":{"line":25,"column":null}},"7":{"start":{"line":30,"column":2},"end":{"line":30,"column":null}},"8":{"start":{"line":37,"column":2},"end":{"line":37,"column":null}},"9":{"start":{"line":45,"column":2},"end":{"line":45,"column":null}},"10":{"start":{"line":44,"column":25},"end":{"line":44,"column":57}}},"fnMap":{"0":{"name":"(anonymous_2)","decl":{"start":{"line":44,"column":13},"end":{"line":44,"column":14}},"loc":{"start":{"line":44,"column":25},"end":{"line":44,"column":57}}}},"branchMap":{"0":{"loc":{"start":{"line":44,"column":25},"end":{"line":44,"column":57}},"type":"cond-expr","locations":[{"start":{"line":44,"column":47},"end":{"line":44,"column":49}},{"start":{"line":44,"column":52},"end":{"line":44,"column":57}}]}},"s":{"0":2,"1":2,"2":2,"3":2,"4":2,"5":2,"6":2,"7":2,"8":2,"9":2,"10":0},"f":{"0":0},"b":{"0":[0,0]}}
,"C:\\Users\\ariel\\OneDrive\\Escritorio\\Workspace\\CRMF5\\backend\\src\\user\\dto\\update-user.dto.ts": {"path":"C:\\Users\\ariel\\OneDrive\\Escritorio\\Workspace\\CRMF5\\backend\\src\\user\\dto\\update-user.dto.ts","statementMap":{"0":{"start":{"line":1,"column":0},"end":{"line":1,"column":56}},"1":{"start":{"line":2,"column":0},"end":{"line":2,"column":50}},"2":{"start":{"line":4,"column":0},"end":{"line":4,"column":13}}},"fnMap":{},"branchMap":{},"s":{"0":0,"1":0,"2":0},"f":{},"b":{}}
,"C:\\Users\\ariel\\OneDrive\\Escritorio\\Workspace\\CRMF5\\backend\\src\\utils\\autoGenerateCode.ts": {"path":"C:\\Users\\ariel\\OneDrive\\Escritorio\\Workspace\\CRMF5\\backend\\src\\utils\\autoGenerateCode.ts","statementMap":{"0":{"start":{"line":1,"column":33},"end":{"line":9,"column":1}},"1":{"start":{"line":2,"column":16},"end":{"line":2,"column":26}},"2":{"start":{"line":3,"column":17},"end":{"line":3,"column":34}},"3":{"start":{"line":4,"column":18},"end":{"line":4,"column":66}},"4":{"start":{"line":5,"column":16},"end":{"line":5,"column":57}},"5":{"start":{"line":7,"column":4},"end":{"line":7,"column":null}},"6":{"start":{"line":1,"column":14},"end":{"line":1,"column":33}}},"fnMap":{"0":{"name":"(anonymous_0)","decl":{"start":{"line":1,"column":33},"end":{"line":1,"column":43}},"loc":{"start":{"line":1,"column":45},"end":{"line":9,"column":1}}}},"branchMap":{},"s":{"0":3,"1":1,"2":1,"3":1,"4":1,"5":1,"6":3},"f":{"0":1},"b":{}}
,"C:\\Users\\ariel\\OneDrive\\Escritorio\\Workspace\\CRMF5\\backend\\src\\utils\\calculoPorcentaje.ts": {"path":"C:\\Users\\ariel\\OneDrive\\Escritorio\\Workspace\\CRMF5\\backend\\src\\utils\\calculoPorcentaje.ts","statementMap":{"0":{"start":{"line":4,"column":34},"end":{"line":19,"column":1}},"1":{"start":{"line":6,"column":25},"end":{"line":6,"column":47}},"2":{"start":{"line":7,"column":32},"end":{"line":7,"column":62}},"3":{"start":{"line":9,"column":2},"end":{"line":15,"column":null}},"4":{"start":{"line":11,"column":4},"end":{"line":11,"column":88}},"5":{"start":{"line":14,"column":4},"end":{"line":14,"column":null}},"6":{"start":{"line":16,"column":2},"end":{"line":16,"column":null}},"7":{"start":{"line":17,"column":2},"end":{"line":17,"column":null}},"8":{"start":{"line":18,"column":2},"end":{"line":18,"column":null}},"9":{"start":{"line":4,"column":13},"end":{"line":4,"column":34}}},"fnMap":{"0":{"name":"(anonymous_0)","decl":{"start":{"line":4,"column":34},"end":{"line":4,"column":35}},"loc":{"start":{"line":4,"column":65},"end":{"line":19,"column":1}}}},"branchMap":{"0":{"loc":{"start":{"line":9,"column":2},"end":{"line":15,"column":null}},"type":"if","locations":[{"start":{"line":9,"column":2},"end":{"line":15,"column":null}},{"start":{"line":12,"column":9},"end":{"line":15,"column":null}}]},"1":{"loc":{"start":{"line":9,"column":6},"end":{"line":9,"column":85}},"type":"binary-expr","locations":[{"start":{"line":9,"column":6},"end":{"line":9,"column":40}},{"start":{"line":9,"column":44},"end":{"line":9,"column":85}}]}},"s":{"0":0,"1":0,"2":0,"3":0,"4":0,"5":0,"6":0,"7":0,"8":0,"9":0},"f":{"0":0},"b":{"0":[0,0],"1":[0,0]}}
}
