{"/home/acrata/DEV/f5/group/CRMF5/backend/src/app.controller.ts": {"path":"/home/acrata/DEV/f5/group/CRMF5/backend/src/app.controller.ts","statementMap":{"0":{"start":{"line":1,"column":0},"end":{"line":1,"column":49}},"1":{"start":{"line":2,"column":0},"end":{"line":2,"column":43}},"2":{"start":{"line":5,"column":7},"end":{"line":12,"column":null}},"3":{"start":{"line":6,"column":31},"end":{"line":6,"column":43}},"4":{"start":{"line":10,"column":4},"end":{"line":10,"column":38}},"5":{"start":{"line":5,"column":13},"end":{"line":5,"column":26}},"6":{"start":{"line":9,"column":2},"end":{"line":11,"column":null}},"7":{"start":{"line":5,"column":13},"end":{"line":12,"column":null}}},"fnMap":{"0":{"name":"(anonymous_2)","decl":{"start":{"line":6,"column":2},"end":{"line":6,"column":31}},"loc":{"start":{"line":6,"column":53},"end":{"line":6,"column":57}}},"1":{"name":"(anonymous_3)","decl":{"start":{"line":9,"column":2},"end":{"line":9,"column":10}},"loc":{"start":{"line":9,"column":10},"end":{"line":11,"column":3}}}},"branchMap":{},"s":{"0":1,"1":1,"2":1,"3":1,"4":1,"5":1,"6":1,"7":1},"f":{"0":1,"1":1},"b":{}}
,"/home/acrata/DEV/f5/group/CRMF5/backend/src/app.module.ts": {"path":"/home/acrata/DEV/f5/group/CRMF5/backend/src/app.module.ts","statementMap":{"0":{"start":{"line":1,"column":0},"end":{"line":1,"column":40}},"1":{"start":{"line":2,"column":0},"end":{"line":2,"column":49}},"2":{"start":{"line":3,"column":0},"end":{"line":3,"column":43}},"3":{"start":{"line":4,"column":0},"end":{"line":4,"column":48}},"4":{"start":{"line":5,"column":0},"end":{"line":5,"column":61}},"5":{"start":{"line":6,"column":0},"end":{"line":6,"column":48}},"6":{"start":{"line":7,"column":0},"end":{"line":7,"column":50}},"7":{"start":{"line":24,"column":7},"end":{"line":24,"column":null}},"8":{"start":{"line":24,"column":13},"end":{"line":24,"column":22}},"9":{"start":{"line":24,"column":13},"end":{"line":24,"column":null}}},"fnMap":{},"branchMap":{},"s":{"0":0,"1":0,"2":0,"3":0,"4":0,"5":0,"6":0,"7":0,"8":0,"9":0},"f":{},"b":{}}
,"/home/acrata/DEV/f5/group/CRMF5/backend/src/app.service.ts": {"path":"/home/acrata/DEV/f5/group/CRMF5/backend/src/app.service.ts","statementMap":{"0":{"start":{"line":1,"column":0},"end":{"line":1,"column":44}},"1":{"start":{"line":4,"column":7},"end":{"line":8,"column":null}},"2":{"start":{"line":6,"column":4},"end":{"line":6,"column":37}},"3":{"start":{"line":4,"column":13},"end":{"line":4,"column":23}},"4":{"start":{"line":4,"column":13},"end":{"line":8,"column":null}}},"fnMap":{"0":{"name":"(anonymous_1)","decl":{"start":{"line":5,"column":2},"end":{"line":5,"column":10}},"loc":{"start":{"line":5,"column":10},"end":{"line":7,"column":3}}}},"branchMap":{},"s":{"0":1,"1":1,"2":1,"3":1,"4":1},"f":{"0":1},"b":{}}
,"/home/acrata/DEV/f5/group/CRMF5/backend/src/main.ts": {"path":"/home/acrata/DEV/f5/group/CRMF5/backend/src/main.ts","statementMap":{"0":{"start":{"line":1,"column":0},"end":{"line":1,"column":43}},"1":{"start":{"line":2,"column":0},"end":{"line":2,"column":65}},"2":{"start":{"line":3,"column":0},"end":{"line":3,"column":41}},"3":{"start":{"line":6,"column":14},"end":{"line":6,"column":49}},"4":{"start":{"line":8,"column":17},"end":{"line":14,"column":12}},"5":{"start":{"line":15,"column":19},"end":{"line":15,"column":60}},"6":{"start":{"line":16,"column":2},"end":{"line":16,"column":44}},"7":{"start":{"line":18,"column":2},"end":{"line":18,"column":25}},"8":{"start":{"line":20,"column":0},"end":{"line":20,"column":12}}},"fnMap":{"0":{"name":"bootstrap","decl":{"start":{"line":5,"column":15},"end":{"line":5,"column":24}},"loc":{"start":{"line":5,"column":24},"end":{"line":19,"column":1}}}},"branchMap":{},"s":{"0":0,"1":0,"2":0,"3":0,"4":0,"5":0,"6":0,"7":0,"8":0},"f":{"0":0},"b":{}}
,"/home/acrata/DEV/f5/group/CRMF5/backend/src/auth/auth.module.ts": {"path":"/home/acrata/DEV/f5/group/CRMF5/backend/src/auth/auth.module.ts","statementMap":{"0":{"start":{"line":1,"column":0},"end":{"line":1,"column":40}},"1":{"start":{"line":2,"column":0},"end":{"line":2,"column":54}},"2":{"start":{"line":3,"column":0},"end":{"line":3,"column":63}},"3":{"start":{"line":4,"column":0},"end":{"line":4,"column":50}},"4":{"start":{"line":5,"column":0},"end":{"line":5,"column":59}},"5":{"start":{"line":6,"column":0},"end":{"line":6,"column":60}},"6":{"start":{"line":7,"column":0},"end":{"line":7,"column":56}},"7":{"start":{"line":8,"column":0},"end":{"line":8,"column":61}},"8":{"start":{"line":9,"column":0},"end":{"line":9,"column":47}},"9":{"start":{"line":10,"column":0},"end":{"line":10,"column":40}},"10":{"start":{"line":11,"column":0},"end":{"line":11,"column":51}},"11":{"start":{"line":12,"column":0},"end":{"line":12,"column":41}},"12":{"start":{"line":13,"column":0},"end":{"line":13,"column":55}},"13":{"start":{"line":48,"column":7},"end":{"line":48,"column":null}},"14":{"start":{"line":48,"column":13},"end":{"line":48,"column":23}},"15":{"start":{"line":48,"column":13},"end":{"line":48,"column":null}},"16":{"start":{"line":20,"column":8},"end":{"line":25,"column":10}}},"fnMap":{"0":{"name":"(anonymous_1)","decl":{"start":{"line":19,"column":18},"end":{"line":19,"column":19}},"loc":{"start":{"line":19,"column":51},"end":{"line":26,"column":7}}}},"branchMap":{},"s":{"0":1,"1":1,"2":1,"3":1,"4":1,"5":1,"6":1,"7":1,"8":1,"9":1,"10":1,"11":1,"12":1,"13":1,"14":1,"15":1,"16":0},"f":{"0":0},"b":{}}
,"/home/acrata/DEV/f5/group/CRMF5/backend/src/auth/controllers/auth.controller.ts": {"path":"/home/acrata/DEV/f5/group/CRMF5/backend/src/auth/controllers/auth.controller.ts","statementMap":{"0":{"start":{"line":1,"column":0},"end":{"line":1,"column":77}},"1":{"start":{"line":2,"column":0},"end":{"line":2,"column":55}},"2":{"start":{"line":4,"column":0},"end":{"line":4,"column":63}},"3":{"start":{"line":5,"column":0},"end":{"line":5,"column":78}},"4":{"start":{"line":6,"column":0},"end":{"line":6,"column":54}},"5":{"start":{"line":7,"column":0},"end":{"line":7,"column":45}},"6":{"start":{"line":8,"column":0},"end":{"line":8,"column":56}},"7":{"start":{"line":9,"column":0},"end":{"line":9,"column":46}},"8":{"start":{"line":13,"column":7},"end":{"line":36,"column":null}},"9":{"start":{"line":15,"column":12},"end":{"line":15,"column":25}},"10":{"start":{"line":16,"column":12},"end":{"line":16,"column":25}},"11":{"start":{"line":25,"column":24},"end":{"line":25,"column":65}},"12":{"start":{"line":26,"column":4},"end":{"line":26,"column":41}},"13":{"start":{"line":34,"column":4},"end":{"line":34,"column":47}},"14":{"start":{"line":13,"column":13},"end":{"line":13,"column":27}},"15":{"start":{"line":24,"column":8},"end":{"line":27,"column":null}},"16":{"start":{"line":33,"column":2},"end":{"line":35,"column":null}},"17":{"start":{"line":13,"column":13},"end":{"line":36,"column":null}},"18":{"start":{"line":43,"column":38},"end":{"line":43,"column":37260}},"19":{"start":{"line":43,"column":42},"end":{"line":43,"column":37249}},"20":{"start":{"line":43,"column":37298},"end":{"line":43,"column":37338}},"21":{"start":{"line":43,"column":37302},"end":{"line":43,"column":37327}},"22":{"start":{"line":43,"column":37339},"end":{"line":43,"column":37348}},"23":{"start":{"line":43,"column":37349},"end":{"line":43,"column":37355}},"24":{"start":{"line":43,"column":37391},"end":{"line":43,"column":37433}},"25":{"start":{"line":43,"column":37395},"end":{"line":43,"column":37422}},"26":{"start":{"line":43,"column":37434},"end":{"line":43,"column":37443}},"27":{"start":{"line":43,"column":37444},"end":{"line":43,"column":37450}},"28":{"start":{"line":43,"column":37467},"end":{"line":43,"column":37504}},"29":{"start":{"line":43,"column":37471},"end":{"line":43,"column":37493}},"30":{"start":{"line":43,"column":37506},"end":{"line":43,"column":37512}},"31":{"start":{"line":43,"column":37529},"end":{"line":43,"column":37569}},"32":{"start":{"line":43,"column":37533},"end":{"line":43,"column":37558}},"33":{"start":{"line":43,"column":37571},"end":{"line":43,"column":37577}}},"fnMap":{"0":{"name":"(anonymous_4)","decl":{"start":{"line":14,"column":2},"end":{"line":14,"column":null}},"loc":{"start":{"line":16,"column":36},"end":{"line":17,"column":6}}},"1":{"name":"(anonymous_5)","decl":{"start":{"line":24,"column":2},"end":{"line":24,"column":7}},"loc":{"start":{"line":24,"column":42},"end":{"line":27,"column":3}}},"2":{"name":"(anonymous_6)","decl":{"start":{"line":33,"column":2},"end":{"line":33,"column":7}},"loc":{"start":{"line":33,"column":27},"end":{"line":35,"column":3}}},"3":{"name":"oo_cm","decl":{"start":{"line":43,"column":30},"end":{"line":43,"column":35}},"loc":{"start":{"line":43,"column":35},"end":{"line":43,"column":37261}}},"4":{"name":"oo_oo","decl":{"start":{"line":43,"column":37271},"end":{"line":43,"column":37276}},"loc":{"start":{"line":43,"column":37296},"end":{"line":43,"column":37348}}},"5":{"name":"oo_tr","decl":{"start":{"line":43,"column":37364},"end":{"line":43,"column":37369}},"loc":{"start":{"line":43,"column":37389},"end":{"line":43,"column":37443}}},"6":{"name":"oo_ts","decl":{"start":{"line":43,"column":37459},"end":{"line":43,"column":37464}},"loc":{"start":{"line":43,"column":37464},"end":{"line":43,"column":37505}}},"7":{"name":"oo_te","decl":{"start":{"line":43,"column":37521},"end":{"line":43,"column":37526}},"loc":{"start":{"line":43,"column":37526},"end":{"line":43,"column":37570}}}},"branchMap":{"0":{"loc":{"start":{"line":43,"column":49},"end":{"line":43,"column":37248}},"type":"binary-expr","locations":[{"start":{"line":43,"column":49},"end":{"line":43,"column":86}},{"start":{"line":43,"column":90},"end":{"line":43,"column":37248}}]}},"s":{"0":2,"1":2,"2":2,"3":2,"4":2,"5":2,"6":2,"7":2,"8":2,"9":0,"10":0,"11":0,"12":0,"13":0,"14":2,"15":2,"16":2,"17":2,"18":0,"19":0,"20":0,"21":0,"22":0,"23":2,"24":0,"25":0,"26":0,"27":2,"28":0,"29":0,"30":2,"31":0,"32":0,"33":2},"f":{"0":0,"1":0,"2":0,"3":0,"4":0,"5":0,"6":0,"7":0},"b":{"0":[0,0]}}
,"/home/acrata/DEV/f5/group/CRMF5/backend/src/auth/decorators/public.decorator.ts": {"path":"/home/acrata/DEV/f5/group/CRMF5/backend/src/auth/decorators/public.decorator.ts","statementMap":{"0":{"start":{"line":1,"column":0},"end":{"line":1,"column":45}},"1":{"start":{"line":3,"column":13},"end":{"line":3,"column":40}},"2":{"start":{"line":5,"column":22},"end":{"line":5,"column":60}},"3":{"start":{"line":5,"column":28},"end":{"line":5,"column":60}},"4":{"start":{"line":5,"column":13},"end":{"line":5,"column":22}}},"fnMap":{"0":{"name":"(anonymous_0)","decl":{"start":{"line":5,"column":22},"end":{"line":5,"column":25}},"loc":{"start":{"line":5,"column":28},"end":{"line":5,"column":60}}}},"branchMap":{},"s":{"0":3,"1":3,"2":3,"3":4,"4":3},"f":{"0":4},"b":{}}
,"/home/acrata/DEV/f5/group/CRMF5/backend/src/auth/decorators/roles.decorator.ts": {"path":"/home/acrata/DEV/f5/group/CRMF5/backend/src/auth/decorators/roles.decorator.ts","statementMap":{"0":{"start":{"line":1,"column":0},"end":{"line":1,"column":45}},"1":{"start":{"line":4,"column":13},"end":{"line":4,"column":33}},"2":{"start":{"line":5,"column":21},"end":{"line":5,"column":72}},"3":{"start":{"line":5,"column":43},"end":{"line":5,"column":72}},"4":{"start":{"line":5,"column":13},"end":{"line":5,"column":21}}},"fnMap":{"0":{"name":"(anonymous_0)","decl":{"start":{"line":5,"column":21},"end":{"line":5,"column":22}},"loc":{"start":{"line":5,"column":43},"end":{"line":5,"column":72}}}},"branchMap":{},"s":{"0":1,"1":1,"2":1,"3":1,"4":1},"f":{"0":1},"b":{}}
,"/home/acrata/DEV/f5/group/CRMF5/backend/src/auth/dto/signin.dto.ts": {"path":"/home/acrata/DEV/f5/group/CRMF5/backend/src/auth/dto/signin.dto.ts","statementMap":{"0":{"start":{"line":1,"column":0},"end":{"line":1,"column":46}},"1":{"start":{"line":2,"column":0},"end":{"line":2,"column":54}},"2":{"start":{"line":4,"column":0},"end":{"line":4,"column":13}},"3":{"start":{"line":8,"column":2},"end":{"line":8,"column":null}},"4":{"start":{"line":12,"column":2},"end":{"line":12,"column":null}}},"fnMap":{},"branchMap":{},"s":{"0":2,"1":2,"2":2,"3":2,"4":2},"f":{},"b":{}}
,"/home/acrata/DEV/f5/group/CRMF5/backend/src/auth/enums/role.enum.ts": {"path":"/home/acrata/DEV/f5/group/CRMF5/backend/src/auth/enums/role.enum.ts","statementMap":{"0":{"start":{"line":1,"column":0},"end":{"line":1,"column":null}},"1":{"start":{"line":2,"column":2},"end":{"line":2,"column":null}},"2":{"start":{"line":3,"column":2},"end":{"line":3,"column":null}}},"fnMap":{"0":{"name":"(anonymous_0)","decl":{"start":{"line":1,"column":0},"end":{"line":1,"column":12}},"loc":{"start":{"line":1,"column":16},"end":{"line":4,"column":1}}}},"branchMap":{"0":{"loc":{"start":{"line":1,"column":12},"end":{"line":1,"column":null}},"type":"binary-expr","locations":[{"start":{"line":1,"column":12},"end":{"line":1,"column":16}},{"start":{"line":1,"column":16},"end":{"line":1,"column":null}}]}},"s":{"0":6,"1":6,"2":6},"f":{"0":6},"b":{"0":[6,6]}}
,"/home/acrata/DEV/f5/group/CRMF5/backend/src/auth/guards/jwt-auth.guard.ts": {"path":"/home/acrata/DEV/f5/group/CRMF5/backend/src/auth/guards/jwt-auth.guard.ts","statementMap":{"0":{"start":{"line":1,"column":0},"end":{"line":1,"column":75}},"1":{"start":{"line":2,"column":0},"end":{"line":2,"column":45}},"2":{"start":{"line":3,"column":0},"end":{"line":3,"column":41}},"3":{"start":{"line":4,"column":0},"end":{"line":4,"column":63}},"4":{"start":{"line":8,"column":7},"end":{"line":18,"column":null}},"5":{"start":{"line":10,"column":4},"end":{"line":10,"column":12}},"6":{"start":{"line":9,"column":22},"end":{"line":9,"column":33}},"7":{"start":{"line":13,"column":21},"end":{"line":13,"column":76}},"8":{"start":{"line":14,"column":4},"end":{"line":14,"column":30}},"9":{"start":{"line":14,"column":18},"end":{"line":14,"column":30}},"10":{"start":{"line":15,"column":24},"end":{"line":15,"column":68}},"11":{"start":{"line":16,"column":4},"end":{"line":16,"column":38}},"12":{"start":{"line":8,"column":13},"end":{"line":8,"column":25}},"13":{"start":{"line":8,"column":13},"end":{"line":18,"column":null}},"14":{"start":{"line":25,"column":38},"end":{"line":25,"column":37260}},"15":{"start":{"line":25,"column":42},"end":{"line":25,"column":37249}},"16":{"start":{"line":25,"column":37298},"end":{"line":25,"column":37338}},"17":{"start":{"line":25,"column":37302},"end":{"line":25,"column":37327}},"18":{"start":{"line":25,"column":37339},"end":{"line":25,"column":37348}},"19":{"start":{"line":25,"column":37349},"end":{"line":25,"column":37355}},"20":{"start":{"line":25,"column":37391},"end":{"line":25,"column":37433}},"21":{"start":{"line":25,"column":37395},"end":{"line":25,"column":37422}},"22":{"start":{"line":25,"column":37434},"end":{"line":25,"column":37443}},"23":{"start":{"line":25,"column":37444},"end":{"line":25,"column":37450}},"24":{"start":{"line":25,"column":37467},"end":{"line":25,"column":37504}},"25":{"start":{"line":25,"column":37471},"end":{"line":25,"column":37493}},"26":{"start":{"line":25,"column":37506},"end":{"line":25,"column":37512}},"27":{"start":{"line":25,"column":37529},"end":{"line":25,"column":37569}},"28":{"start":{"line":25,"column":37533},"end":{"line":25,"column":37558}},"29":{"start":{"line":25,"column":37571},"end":{"line":25,"column":37577}}},"fnMap":{"0":{"name":"(anonymous_2)","decl":{"start":{"line":9,"column":2},"end":{"line":9,"column":22}},"loc":{"start":{"line":9,"column":42},"end":{"line":11,"column":3}}},"1":{"name":"(anonymous_3)","decl":{"start":{"line":12,"column":2},"end":{"line":12,"column":13}},"loc":{"start":{"line":12,"column":39},"end":{"line":17,"column":3}}},"2":{"name":"oo_cm","decl":{"start":{"line":25,"column":30},"end":{"line":25,"column":35}},"loc":{"start":{"line":25,"column":35},"end":{"line":25,"column":37261}}},"3":{"name":"oo_oo","decl":{"start":{"line":25,"column":37271},"end":{"line":25,"column":37276}},"loc":{"start":{"line":25,"column":37296},"end":{"line":25,"column":37348}}},"4":{"name":"oo_tr","decl":{"start":{"line":25,"column":37364},"end":{"line":25,"column":37369}},"loc":{"start":{"line":25,"column":37389},"end":{"line":25,"column":37443}}},"5":{"name":"oo_ts","decl":{"start":{"line":25,"column":37459},"end":{"line":25,"column":37464}},"loc":{"start":{"line":25,"column":37464},"end":{"line":25,"column":37505}}},"6":{"name":"oo_te","decl":{"start":{"line":25,"column":37521},"end":{"line":25,"column":37526}},"loc":{"start":{"line":25,"column":37526},"end":{"line":25,"column":37570}}}},"branchMap":{"0":{"loc":{"start":{"line":14,"column":4},"end":{"line":14,"column":30}},"type":"if","locations":[{"start":{"line":14,"column":4},"end":{"line":14,"column":30}}]},"1":{"loc":{"start":{"line":25,"column":49},"end":{"line":25,"column":37248}},"type":"binary-expr","locations":[{"start":{"line":25,"column":49},"end":{"line":25,"column":86}},{"start":{"line":25,"column":90},"end":{"line":25,"column":37248}}]}},"s":{"0":2,"1":2,"2":2,"3":2,"4":2,"5":3,"6":3,"7":1,"8":1,"9":1,"10":0,"11":0,"12":2,"13":2,"14":0,"15":0,"16":0,"17":0,"18":0,"19":2,"20":0,"21":0,"22":0,"23":2,"24":0,"25":0,"26":2,"27":0,"28":0,"29":2},"f":{"0":3,"1":1,"2":0,"3":0,"4":0,"5":0,"6":0},"b":{"0":[1],"1":[0,0]}}
,"/home/acrata/DEV/f5/group/CRMF5/backend/src/auth/guards/role.guard.ts": {"path":"/home/acrata/DEV/f5/group/CRMF5/backend/src/auth/guards/role.guard.ts","statementMap":{"0":{"start":{"line":1,"column":0},"end":{"line":1,"column":null}},"1":{"start":{"line":7,"column":0},"end":{"line":7,"column":41}},"2":{"start":{"line":9,"column":0},"end":{"line":9,"column":54}},"3":{"start":{"line":10,"column":13},"end":{"line":10,"column":33}},"4":{"start":{"line":13,"column":7},"end":{"line":41,"column":null}},"5":{"start":{"line":14,"column":22},"end":{"line":14,"column":33}},"6":{"start":{"line":14,"column":52},"end":{"line":14,"column":65}},"7":{"start":{"line":17,"column":26},"end":{"line":20,"column":6}},"8":{"start":{"line":22,"column":24},"end":{"line":22,"column":84}},"9":{"start":{"line":23,"column":4},"end":{"line":39,"column":null}},"10":{"start":{"line":24,"column":6},"end":{"line":26,"column":null}},"11":{"start":{"line":25,"column":8},"end":{"line":25,"column":20}},"12":{"start":{"line":27,"column":23},"end":{"line":27,"column":58}},"13":{"start":{"line":28,"column":24},"end":{"line":28,"column":64}},"14":{"start":{"line":30,"column":31},"end":{"line":31,"column":null}},"15":{"start":{"line":31,"column":8},"end":{"line":31,"column":36}},"16":{"start":{"line":33,"column":6},"end":{"line":35,"column":null}},"17":{"start":{"line":34,"column":8},"end":{"line":34,"column":68}},"18":{"start":{"line":36,"column":6},"end":{"line":36,"column":18}},"19":{"start":{"line":38,"column":6},"end":{"line":38,"column":53}},"20":{"start":{"line":13,"column":13},"end":{"line":13,"column":23}},"21":{"start":{"line":13,"column":13},"end":{"line":41,"column":null}},"22":{"start":{"line":48,"column":38},"end":{"line":48,"column":37260}},"23":{"start":{"line":48,"column":42},"end":{"line":48,"column":37249}},"24":{"start":{"line":48,"column":37298},"end":{"line":48,"column":37338}},"25":{"start":{"line":48,"column":37302},"end":{"line":48,"column":37327}},"26":{"start":{"line":48,"column":37339},"end":{"line":48,"column":37348}},"27":{"start":{"line":48,"column":37349},"end":{"line":48,"column":37355}},"28":{"start":{"line":48,"column":37391},"end":{"line":48,"column":37433}},"29":{"start":{"line":48,"column":37395},"end":{"line":48,"column":37422}},"30":{"start":{"line":48,"column":37434},"end":{"line":48,"column":37443}},"31":{"start":{"line":48,"column":37444},"end":{"line":48,"column":37450}},"32":{"start":{"line":48,"column":37467},"end":{"line":48,"column":37504}},"33":{"start":{"line":48,"column":37471},"end":{"line":48,"column":37493}},"34":{"start":{"line":48,"column":37506},"end":{"line":48,"column":37512}},"35":{"start":{"line":48,"column":37529},"end":{"line":48,"column":37569}},"36":{"start":{"line":48,"column":37533},"end":{"line":48,"column":37558}},"37":{"start":{"line":48,"column":37571},"end":{"line":48,"column":37577}}},"fnMap":{"0":{"name":"(anonymous_2)","decl":{"start":{"line":14,"column":2},"end":{"line":14,"column":22}},"loc":{"start":{"line":14,"column":76},"end":{"line":14,"column":80}}},"1":{"name":"(anonymous_3)","decl":{"start":{"line":16,"column":2},"end":{"line":16,"column":7}},"loc":{"start":{"line":16,"column":45},"end":{"line":40,"column":3}}},"2":{"name":"(anonymous_4)","decl":{"start":{"line":30,"column":52},"end":{"line":30,"column":53}},"loc":{"start":{"line":31,"column":8},"end":{"line":31,"column":36}}},"3":{"name":"oo_cm","decl":{"start":{"line":48,"column":30},"end":{"line":48,"column":35}},"loc":{"start":{"line":48,"column":35},"end":{"line":48,"column":37261}}},"4":{"name":"oo_oo","decl":{"start":{"line":48,"column":37271},"end":{"line":48,"column":37276}},"loc":{"start":{"line":48,"column":37296},"end":{"line":48,"column":37348}}},"5":{"name":"oo_tr","decl":{"start":{"line":48,"column":37364},"end":{"line":48,"column":37369}},"loc":{"start":{"line":48,"column":37389},"end":{"line":48,"column":37443}}},"6":{"name":"oo_ts","decl":{"start":{"line":48,"column":37459},"end":{"line":48,"column":37464}},"loc":{"start":{"line":48,"column":37464},"end":{"line":48,"column":37505}}},"7":{"name":"oo_te","decl":{"start":{"line":48,"column":37521},"end":{"line":48,"column":37526}},"loc":{"start":{"line":48,"column":37526},"end":{"line":48,"column":37570}}}},"branchMap":{"0":{"loc":{"start":{"line":24,"column":6},"end":{"line":26,"column":null}},"type":"if","locations":[{"start":{"line":24,"column":6},"end":{"line":26,"column":null}}]},"1":{"loc":{"start":{"line":33,"column":6},"end":{"line":35,"column":null}},"type":"if","locations":[{"start":{"line":33,"column":6},"end":{"line":35,"column":null}}]},"2":{"loc":{"start":{"line":48,"column":49},"end":{"line":48,"column":37248}},"type":"binary-expr","locations":[{"start":{"line":48,"column":49},"end":{"line":48,"column":86}},{"start":{"line":48,"column":90},"end":{"line":48,"column":37248}}]}},"s":{"0":1,"1":1,"2":1,"3":1,"4":1,"5":4,"6":4,"7":4,"8":4,"9":4,"10":4,"11":1,"12":3,"13":3,"14":3,"15":2,"16":2,"17":1,"18":1,"19":2,"20":1,"21":1,"22":4,"23":4,"24":4,"25":4,"26":4,"27":1,"28":0,"29":0,"30":0,"31":1,"32":0,"33":0,"34":1,"35":0,"36":0,"37":1},"f":{"0":4,"1":4,"2":2,"3":4,"4":4,"5":0,"6":0,"7":0},"b":{"0":[1],"1":[1],"2":[4,1]}}
,"/home/acrata/DEV/f5/group/CRMF5/backend/src/auth/services/auth.service.ts": {"path":"/home/acrata/DEV/f5/group/CRMF5/backend/src/auth/services/auth.service.ts","statementMap":{"0":{"start":{"line":1,"column":0},"end":{"line":1,"column":44}},"1":{"start":{"line":2,"column":0},"end":{"line":2,"column":41}},"2":{"start":{"line":4,"column":0},"end":{"line":4,"column":50}},"3":{"start":{"line":5,"column":0},"end":{"line":5,"column":33}},"4":{"start":{"line":6,"column":0},"end":{"line":6,"column":47}},"5":{"start":{"line":8,"column":7},"end":{"line":34,"column":null}},"6":{"start":{"line":10,"column":12},"end":{"line":10,"column":24}},"7":{"start":{"line":11,"column":36},"end":{"line":11,"column":47}},"8":{"start":{"line":14,"column":17},"end":{"line":17,"column":13}},"9":{"start":{"line":18,"column":4},"end":{"line":20,"column":null}},"10":{"start":{"line":19,"column":6},"end":{"line":19,"column":18}},"11":{"start":{"line":21,"column":4},"end":{"line":21,"column":16}},"12":{"start":{"line":25,"column":34},"end":{"line":29,"column":6}},"13":{"start":{"line":30,"column":4},"end":{"line":32,"column":6}},"14":{"start":{"line":8,"column":13},"end":{"line":8,"column":24}},"15":{"start":{"line":8,"column":13},"end":{"line":34,"column":null}}},"fnMap":{"0":{"name":"(anonymous_4)","decl":{"start":{"line":9,"column":2},"end":{"line":9,"column":null}},"loc":{"start":{"line":11,"column":58},"end":{"line":12,"column":6}}},"1":{"name":"(anonymous_5)","decl":{"start":{"line":13,"column":2},"end":{"line":13,"column":7}},"loc":{"start":{"line":13,"column":52},"end":{"line":22,"column":3}}},"2":{"name":"(anonymous_6)","decl":{"start":{"line":24,"column":2},"end":{"line":24,"column":15}},"loc":{"start":{"line":24,"column":35},"end":{"line":33,"column":3}}}},"branchMap":{"0":{"loc":{"start":{"line":18,"column":4},"end":{"line":20,"column":null}},"type":"if","locations":[{"start":{"line":18,"column":4},"end":{"line":20,"column":null}}]},"1":{"loc":{"start":{"line":18,"column":8},"end":{"line":18,"column":54}},"type":"binary-expr","locations":[{"start":{"line":18,"column":8},"end":{"line":18,"column":12}},{"start":{"line":18,"column":17},"end":{"line":18,"column":53}}]}},"s":{"0":4,"1":4,"2":4,"3":4,"4":4,"5":4,"6":4,"7":4,"8":2,"9":2,"10":1,"11":1,"12":0,"13":0,"14":4,"15":4},"f":{"0":4,"1":2,"2":0},"b":{"0":[1],"1":[2,1]}}
,"/home/acrata/DEV/f5/group/CRMF5/backend/src/auth/strategies/jwt.strategy.ts": {"path":"/home/acrata/DEV/f5/group/CRMF5/backend/src/auth/strategies/jwt.strategy.ts","statementMap":{"0":{"start":{"line":1,"column":0},"end":{"line":1,"column":52}},"1":{"start":{"line":2,"column":0},"end":{"line":2,"column":52}},"2":{"start":{"line":3,"column":0},"end":{"line":3,"column":44}},"3":{"start":{"line":4,"column":0},"end":{"line":4,"column":47}},"4":{"start":{"line":7,"column":7},"end":{"line":19,"column":null}},"5":{"start":{"line":9,"column":4},"end":{"line":13,"column":7}},"6":{"start":{"line":8,"column":22},"end":{"line":8,"column":37}},"7":{"start":{"line":17,"column":4},"end":{"line":17,"column":19}},"8":{"start":{"line":7,"column":13},"end":{"line":7,"column":24}},"9":{"start":{"line":7,"column":13},"end":{"line":19,"column":null}}},"fnMap":{"0":{"name":"(anonymous_2)","decl":{"start":{"line":8,"column":2},"end":{"line":8,"column":22}},"loc":{"start":{"line":8,"column":50},"end":{"line":14,"column":3}}},"1":{"name":"(anonymous_3)","decl":{"start":{"line":16,"column":2},"end":{"line":16,"column":7}},"loc":{"start":{"line":16,"column":24},"end":{"line":18,"column":3}}}},"branchMap":{},"s":{"0":2,"1":2,"2":2,"3":2,"4":2,"5":1,"6":1,"7":1,"8":2,"9":2},"f":{"0":1,"1":1},"b":{}}
,"/home/acrata/DEV/f5/group/CRMF5/backend/src/auth/strategies/local.strategy.ts": {"path":"/home/acrata/DEV/f5/group/CRMF5/backend/src/auth/strategies/local.strategy.ts","statementMap":{"0":{"start":{"line":1,"column":0},"end":{"line":1,"column":67}},"1":{"start":{"line":2,"column":0},"end":{"line":2,"column":52}},"2":{"start":{"line":3,"column":0},"end":{"line":3,"column":42}},"3":{"start":{"line":4,"column":0},"end":{"line":4,"column":55}},"4":{"start":{"line":7,"column":7},"end":{"line":21,"column":null}},"5":{"start":{"line":9,"column":4},"end":{"line":12,"column":7}},"6":{"start":{"line":8,"column":22},"end":{"line":8,"column":35}},"7":{"start":{"line":16,"column":22},"end":{"line":16,"column":74}},"8":{"start":{"line":17,"column":4},"end":{"line":17,"column":65}},"9":{"start":{"line":17,"column":15},"end":{"line":17,"column":65}},"10":{"start":{"line":19,"column":4},"end":{"line":19,"column":16}},"11":{"start":{"line":7,"column":13},"end":{"line":7,"column":26}},"12":{"start":{"line":7,"column":13},"end":{"line":21,"column":null}}},"fnMap":{"0":{"name":"(anonymous_2)","decl":{"start":{"line":8,"column":2},"end":{"line":8,"column":22}},"loc":{"start":{"line":8,"column":46},"end":{"line":13,"column":3}}},"1":{"name":"(anonymous_3)","decl":{"start":{"line":15,"column":2},"end":{"line":15,"column":7}},"loc":{"start":{"line":15,"column":48},"end":{"line":20,"column":3}}}},"branchMap":{"0":{"loc":{"start":{"line":17,"column":4},"end":{"line":17,"column":65}},"type":"if","locations":[{"start":{"line":17,"column":4},"end":{"line":17,"column":65}}]}},"s":{"0":2,"1":2,"2":2,"3":2,"4":2,"5":2,"6":2,"7":2,"8":2,"9":1,"10":1,"11":2,"12":2},"f":{"0":2,"1":2},"b":{"0":[1]}}
,"/home/acrata/DEV/f5/group/CRMF5/backend/src/schemas/users.schema.ts": {"path":"/home/acrata/DEV/f5/group/CRMF5/backend/src/schemas/users.schema.ts","statementMap":{"0":{"start":{"line":1,"column":0},"end":{"line":1,"column":63}},"1":{"start":{"line":2,"column":0},"end":{"line":2,"column":54}},"2":{"start":{"line":3,"column":0},"end":{"line":3,"column":35}},"3":{"start":{"line":4,"column":0},"end":{"line":4,"column":47}},"4":{"start":{"line":9,"column":7},"end":{"line":35,"column":null}},"5":{"start":{"line":33,"column":4},"end":{"line":33,"column":68}},"6":{"start":{"line":9,"column":13},"end":{"line":9,"column":17}},"7":{"start":{"line":11,"column":2},"end":{"line":11,"column":null}},"8":{"start":{"line":13,"column":2},"end":{"line":13,"column":null}},"9":{"start":{"line":15,"column":2},"end":{"line":15,"column":null}},"10":{"start":{"line":17,"column":2},"end":{"line":17,"column":null}},"11":{"start":{"line":19,"column":2},"end":{"line":19,"column":null}},"12":{"start":{"line":27,"column":2},"end":{"line":27,"column":null}},"13":{"start":{"line":29,"column":2},"end":{"line":29,"column":null}},"14":{"start":{"line":31,"column":2},"end":{"line":31,"column":null}},"15":{"start":{"line":9,"column":13},"end":{"line":35,"column":null}},"16":{"start":{"line":36,"column":13},"end":{"line":36,"column":61}},"17":{"start":{"line":38,"column":0},"end":{"line":51,"column":3}},"18":{"start":{"line":39,"column":15},"end":{"line":39,"column":19}},"19":{"start":{"line":41,"column":2},"end":{"line":41,"column":50}},"20":{"start":{"line":41,"column":36},"end":{"line":41,"column":50}},"21":{"start":{"line":43,"column":2},"end":{"line":50,"column":5}},"22":{"start":{"line":44,"column":4},"end":{"line":44,"column":30}},"23":{"start":{"line":44,"column":13},"end":{"line":44,"column":30}},"24":{"start":{"line":45,"column":4},"end":{"line":49,"column":7}},"25":{"start":{"line":46,"column":6},"end":{"line":46,"column":32}},"26":{"start":{"line":46,"column":15},"end":{"line":46,"column":32}},"27":{"start":{"line":47,"column":6},"end":{"line":47,"column":27}},"28":{"start":{"line":48,"column":6},"end":{"line":48,"column":13}},"29":{"start":{"line":53,"column":0},"end":{"line":58,"column":2}},"30":{"start":{"line":56,"column":15},"end":{"line":56,"column":27}},"31":{"start":{"line":57,"column":2},"end":{"line":57,"column":58}}},"fnMap":{"0":{"name":"(anonymous_2)","decl":{"start":{"line":32,"column":2},"end":{"line":32,"column":7}},"loc":{"start":{"line":32,"column":40},"end":{"line":34,"column":3}}},"1":{"name":"(anonymous_3)","decl":{"start":{"line":38,"column":23},"end":{"line":38,"column":33}},"loc":{"start":{"line":38,"column":37},"end":{"line":51,"column":1}}},"2":{"name":"(anonymous_4)","decl":{"start":{"line":43,"column":21},"end":{"line":43,"column":31}},"loc":{"start":{"line":43,"column":40},"end":{"line":50,"column":3}}},"3":{"name":"(anonymous_5)","decl":{"start":{"line":45,"column":37},"end":{"line":45,"column":47}},"loc":{"start":{"line":45,"column":56},"end":{"line":49,"column":5}}},"4":{"name":"(anonymous_6)","decl":{"start":{"line":53,"column":37},"end":{"line":53,"column":42}},"loc":{"start":{"line":54,"column":27},"end":{"line":58,"column":1}}}},"branchMap":{"0":{"loc":{"start":{"line":41,"column":2},"end":{"line":41,"column":50}},"type":"if","locations":[{"start":{"line":41,"column":2},"end":{"line":41,"column":50}}]},"1":{"loc":{"start":{"line":44,"column":4},"end":{"line":44,"column":30}},"type":"if","locations":[{"start":{"line":44,"column":4},"end":{"line":44,"column":30}}]},"2":{"loc":{"start":{"line":46,"column":6},"end":{"line":46,"column":32}},"type":"if","locations":[{"start":{"line":46,"column":6},"end":{"line":46,"column":32}}]}},"s":{"0":5,"1":5,"2":5,"3":5,"4":5,"5":0,"6":5,"7":5,"8":5,"9":5,"10":5,"11":5,"12":5,"13":5,"14":5,"15":5,"16":5,"17":5,"18":0,"19":0,"20":0,"21":0,"22":0,"23":0,"24":0,"25":0,"26":0,"27":0,"28":0,"29":5,"30":0,"31":0},"f":{"0":0,"1":0,"2":0,"3":0,"4":0},"b":{"0":[0],"1":[0],"2":[0]}}
,"/home/acrata/DEV/f5/group/CRMF5/backend/src/user/user.controller.ts": {"path":"/home/acrata/DEV/f5/group/CRMF5/backend/src/user/user.controller.ts","statementMap":{"0":{"start":{"line":1,"column":0},"end":{"line":1,"column":null}},"1":{"start":{"line":12,"column":0},"end":{"line":12,"column":45}},"2":{"start":{"line":13,"column":0},"end":{"line":13,"column":54}},"3":{"start":{"line":14,"column":0},"end":{"line":14,"column":54}},"4":{"start":{"line":15,"column":0},"end":{"line":15,"column":null}},"5":{"start":{"line":26,"column":0},"end":{"line":26,"column":61}},"6":{"start":{"line":36,"column":7},"end":{"line":85,"column":null}},"7":{"start":{"line":37,"column":31},"end":{"line":37,"column":44}},"8":{"start":{"line":45,"column":4},"end":{"line":45,"column":50}},"9":{"start":{"line":54,"column":4},"end":{"line":54,"column":38}},"10":{"start":{"line":62,"column":4},"end":{"line":62,"column":40}},"11":{"start":{"line":73,"column":18},"end":{"line":73,"column":67}},"12":{"start":{"line":74,"column":4},"end":{"line":74,"column":61}},"13":{"start":{"line":83,"column":4},"end":{"line":83,"column":39}},"14":{"start":{"line":36,"column":13},"end":{"line":36,"column":27}},"15":{"start":{"line":44,"column":2},"end":{"line":46,"column":null}},"16":{"start":{"line":53,"column":2},"end":{"line":55,"column":null}},"17":{"start":{"line":61,"column":2},"end":{"line":63,"column":null}},"18":{"start":{"line":68,"column":2},"end":{"line":75,"column":null}},"19":{"start":{"line":82,"column":2},"end":{"line":84,"column":null}},"20":{"start":{"line":36,"column":13},"end":{"line":85,"column":null}}},"fnMap":{"0":{"name":"(anonymous_4)","decl":{"start":{"line":37,"column":2},"end":{"line":37,"column":31}},"loc":{"start":{"line":37,"column":55},"end":{"line":37,"column":59}}},"1":{"name":"(anonymous_5)","decl":{"start":{"line":44,"column":2},"end":{"line":44,"column":8}},"loc":{"start":{"line":44,"column":45},"end":{"line":46,"column":3}}},"2":{"name":"(anonymous_6)","decl":{"start":{"line":53,"column":2},"end":{"line":53,"column":9}},"loc":{"start":{"line":53,"column":9},"end":{"line":55,"column":3}}},"3":{"name":"(anonymous_7)","decl":{"start":{"line":61,"column":2},"end":{"line":61,"column":9}},"loc":{"start":{"line":61,"column":33},"end":{"line":63,"column":3}}},"4":{"name":"(anonymous_8)","decl":{"start":{"line":68,"column":2},"end":{"line":68,"column":8}},"loc":{"start":{"line":71,"column":40},"end":{"line":75,"column":3}}},"5":{"name":"(anonymous_9)","decl":{"start":{"line":82,"column":2},"end":{"line":82,"column":8}},"loc":{"start":{"line":82,"column":32},"end":{"line":84,"column":3}}}},"branchMap":{},"s":{"0":0,"1":0,"2":0,"3":0,"4":0,"5":0,"6":0,"7":0,"8":0,"9":0,"10":0,"11":0,"12":0,"13":0,"14":0,"15":0,"16":0,"17":0,"18":0,"19":0,"20":0},"f":{"0":0,"1":0,"2":0,"3":0,"4":0,"5":0},"b":{}}
,"/home/acrata/DEV/f5/group/CRMF5/backend/src/user/user.module.ts": {"path":"/home/acrata/DEV/f5/group/CRMF5/backend/src/user/user.module.ts","statementMap":{"0":{"start":{"line":1,"column":0},"end":{"line":1,"column":40}},"1":{"start":{"line":2,"column":0},"end":{"line":2,"column":45}},"2":{"start":{"line":3,"column":0},"end":{"line":3,"column":51}},"3":{"start":{"line":4,"column":0},"end":{"line":4,"column":50}},"4":{"start":{"line":5,"column":0},"end":{"line":5,"column":59}},"5":{"start":{"line":7,"column":0},"end":{"line":7,"column":40}},"6":{"start":{"line":8,"column":0},"end":{"line":8,"column":47}},"7":{"start":{"line":29,"column":7},"end":{"line":29,"column":null}},"8":{"start":{"line":29,"column":13},"end":{"line":29,"column":23}},"9":{"start":{"line":29,"column":13},"end":{"line":29,"column":null}},"10":{"start":{"line":14,"column":8},"end":{"line":19,"column":10}}},"fnMap":{"0":{"name":"(anonymous_1)","decl":{"start":{"line":13,"column":18},"end":{"line":13,"column":19}},"loc":{"start":{"line":13,"column":51},"end":{"line":20,"column":7}}}},"branchMap":{},"s":{"0":0,"1":0,"2":0,"3":0,"4":0,"5":0,"6":0,"7":0,"8":0,"9":0,"10":0},"f":{"0":0},"b":{}}
,"/home/acrata/DEV/f5/group/CRMF5/backend/src/user/user.service.ts": {"path":"/home/acrata/DEV/f5/group/CRMF5/backend/src/user/user.service.ts","statementMap":{"0":{"start":{"line":1,"column":0},"end":{"line":1,"column":71}},"1":{"start":{"line":4,"column":0},"end":{"line":4,"column":62}},"2":{"start":{"line":5,"column":0},"end":{"line":5,"column":47}},"3":{"start":{"line":6,"column":0},"end":{"line":6,"column":33}},"4":{"start":{"line":7,"column":0},"end":{"line":7,"column":41}},"5":{"start":{"line":9,"column":7},"end":{"line":61,"column":null}},"6":{"start":{"line":11,"column":45},"end":{"line":11,"column":56}},"7":{"start":{"line":12,"column":21},"end":{"line":12,"column":33}},"8":{"start":{"line":15,"column":4},"end":{"line":26,"column":null}},"9":{"start":{"line":16,"column":6},"end":{"line":16,"column":33}},"10":{"start":{"line":17,"column":26},"end":{"line":17,"column":68}},"11":{"start":{"line":18,"column":6},"end":{"line":18,"column":25}},"12":{"start":{"line":20,"column":6},"end":{"line":25,"column":null}},"13":{"start":{"line":21,"column":8},"end":{"line":24,"column":10}},"14":{"start":{"line":29,"column":4},"end":{"line":29,"column":40}},"15":{"start":{"line":32,"column":4},"end":{"line":32,"column":54}},"16":{"start":{"line":35,"column":17},"end":{"line":35,"column":50}},"17":{"start":{"line":36,"column":4},"end":{"line":36,"column":34}},"18":{"start":{"line":37,"column":4},"end":{"line":39,"column":null}},"19":{"start":{"line":38,"column":6},"end":{"line":38,"column":72}},"20":{"start":{"line":41,"column":25},"end":{"line":41,"column":54}},"21":{"start":{"line":42,"column":4},"end":{"line":44,"column":null}},"22":{"start":{"line":43,"column":6},"end":{"line":43,"column":71}},"23":{"start":{"line":46,"column":4},"end":{"line":46,"column":39}},"24":{"start":{"line":48,"column":24},"end":{"line":48,"column":41}},"25":{"start":{"line":49,"column":4},"end":{"line":49,"column":23}},"26":{"start":{"line":53,"column":24},"end":{"line":55,"column":13}},"27":{"start":{"line":56,"column":4},"end":{"line":58,"column":null}},"28":{"start":{"line":57,"column":6},"end":{"line":57,"column":72}},"29":{"start":{"line":59,"column":4},"end":{"line":59,"column":23}},"30":{"start":{"line":9,"column":13},"end":{"line":9,"column":24}},"31":{"start":{"line":9,"column":13},"end":{"line":61,"column":null}}},"fnMap":{"0":{"name":"(anonymous_4)","decl":{"start":{"line":10,"column":2},"end":{"line":10,"column":null}},"loc":{"start":{"line":12,"column":43},"end":{"line":13,"column":6}}},"1":{"name":"(anonymous_5)","decl":{"start":{"line":14,"column":2},"end":{"line":14,"column":7}},"loc":{"start":{"line":14,"column":43},"end":{"line":27,"column":3}}},"2":{"name":"(anonymous_6)","decl":{"start":{"line":28,"column":2},"end":{"line":28,"column":7}},"loc":{"start":{"line":28,"column":15},"end":{"line":30,"column":3}}},"3":{"name":"(anonymous_7)","decl":{"start":{"line":31,"column":2},"end":{"line":31,"column":7}},"loc":{"start":{"line":31,"column":26},"end":{"line":33,"column":3}}},"4":{"name":"(anonymous_8)","decl":{"start":{"line":34,"column":2},"end":{"line":34,"column":7}},"loc":{"start":{"line":34,"column":70},"end":{"line":50,"column":3}}},"5":{"name":"(anonymous_9)","decl":{"start":{"line":52,"column":2},"end":{"line":52,"column":7}},"loc":{"start":{"line":52,"column":25},"end":{"line":60,"column":3}}}},"branchMap":{"0":{"loc":{"start":{"line":20,"column":6},"end":{"line":25,"column":null}},"type":"if","locations":[{"start":{"line":20,"column":6},"end":{"line":25,"column":null}}]},"1":{"loc":{"start":{"line":37,"column":4},"end":{"line":39,"column":null}},"type":"if","locations":[{"start":{"line":37,"column":4},"end":{"line":39,"column":null}}]},"2":{"loc":{"start":{"line":42,"column":4},"end":{"line":44,"column":null}},"type":"if","locations":[{"start":{"line":42,"column":4},"end":{"line":44,"column":null}}]},"3":{"loc":{"start":{"line":56,"column":4},"end":{"line":58,"column":null}},"type":"if","locations":[{"start":{"line":56,"column":4},"end":{"line":58,"column":null}}]}},"s":{"0":3,"1":3,"2":3,"3":3,"4":3,"5":3,"6":0,"7":0,"8":0,"9":0,"10":0,"11":0,"12":0,"13":0,"14":0,"15":0,"16":0,"17":0,"18":0,"19":0,"20":0,"21":0,"22":0,"23":0,"24":0,"25":0,"26":0,"27":0,"28":0,"29":0,"30":3,"31":3},"f":{"0":0,"1":0,"2":0,"3":0,"4":0,"5":0},"b":{"0":[0],"1":[0],"2":[0],"3":[0]}}
,"/home/acrata/DEV/f5/group/CRMF5/backend/src/user/dto/create-user.dto.ts": {"path":"/home/acrata/DEV/f5/group/CRMF5/backend/src/user/dto/create-user.dto.ts","statementMap":{"0":{"start":{"line":1,"column":0},"end":{"line":1,"column":null}},"1":{"start":{"line":11,"column":0},"end":{"line":11,"column":56}},"2":{"start":{"line":12,"column":0},"end":{"line":12,"column":46}},"3":{"start":{"line":13,"column":0},"end":{"line":13,"column":50}},"4":{"start":{"line":15,"column":0},"end":{"line":15,"column":13}},"5":{"start":{"line":20,"column":2},"end":{"line":20,"column":null}},"6":{"start":{"line":25,"column":2},"end":{"line":25,"column":null}},"7":{"start":{"line":30,"column":2},"end":{"line":30,"column":null}},"8":{"start":{"line":37,"column":2},"end":{"line":37,"column":null}},"9":{"start":{"line":70,"column":2},"end":{"line":70,"column":null}},"10":{"start":{"line":69,"column":25},"end":{"line":69,"column":57}}},"fnMap":{"0":{"name":"(anonymous_2)","decl":{"start":{"line":69,"column":13},"end":{"line":69,"column":14}},"loc":{"start":{"line":69,"column":25},"end":{"line":69,"column":57}}}},"branchMap":{"0":{"loc":{"start":{"line":69,"column":25},"end":{"line":69,"column":57}},"type":"cond-expr","locations":[{"start":{"line":69,"column":47},"end":{"line":69,"column":49}},{"start":{"line":69,"column":52},"end":{"line":69,"column":57}}]}},"s":{"0":2,"1":2,"2":2,"3":2,"4":2,"5":2,"6":2,"7":2,"8":2,"9":2,"10":0},"f":{"0":0},"b":{"0":[0,0]}}
,"/home/acrata/DEV/f5/group/CRMF5/backend/src/user/dto/update-user.dto.ts": {"path":"/home/acrata/DEV/f5/group/CRMF5/backend/src/user/dto/update-user.dto.ts","statementMap":{"0":{"start":{"line":1,"column":0},"end":{"line":1,"column":56}},"1":{"start":{"line":2,"column":0},"end":{"line":2,"column":50}},"2":{"start":{"line":4,"column":0},"end":{"line":4,"column":13}}},"fnMap":{},"branchMap":{},"s":{"0":0,"1":0,"2":0},"f":{},"b":{}}
}
